ARM GAS  C:\Users\Admin\AppData\Local\Temp\ccWgQTbc.s 			page 1


   1              		.cpu cortex-m4
   2              		.eabi_attribute 27, 1
   3              		.eabi_attribute 28, 1
   4              		.eabi_attribute 20, 1
   5              		.eabi_attribute 21, 1
   6              		.eabi_attribute 23, 3
   7              		.eabi_attribute 24, 1
   8              		.eabi_attribute 25, 1
   9              		.eabi_attribute 26, 1
  10              		.eabi_attribute 30, 1
  11              		.eabi_attribute 34, 1
  12              		.eabi_attribute 18, 4
  13              		.file	"fatfs.c"
  14              		.text
  15              	.Ltext0:
  16              		.cfi_sections	.debug_frame
  17              		.section	.text.MX_FATFS_Init,"ax",%progbits
  18              		.align	1
  19              		.global	MX_FATFS_Init
  20              		.arch armv7e-m
  21              		.syntax unified
  22              		.thumb
  23              		.thumb_func
  24              		.fpu fpv4-sp-d16
  26              	MX_FATFS_Init:
  27              	.LFB132:
  28              		.file 1 "FATFS/App/fatfs.c"
   1:FATFS/App/fatfs.c **** /* USER CODE BEGIN Header */
   2:FATFS/App/fatfs.c **** /**
   3:FATFS/App/fatfs.c ****   ******************************************************************************
   4:FATFS/App/fatfs.c ****   * @file   fatfs.c
   5:FATFS/App/fatfs.c ****   * @brief  Code for fatfs applications
   6:FATFS/App/fatfs.c ****   ******************************************************************************
   7:FATFS/App/fatfs.c ****   * @attention
   8:FATFS/App/fatfs.c ****   *
   9:FATFS/App/fatfs.c ****   * Copyright (c) 2022 STMicroelectronics.
  10:FATFS/App/fatfs.c ****   * All rights reserved.
  11:FATFS/App/fatfs.c ****   *
  12:FATFS/App/fatfs.c ****   * This software is licensed under terms that can be found in the LICENSE file
  13:FATFS/App/fatfs.c ****   * in the root directory of this software component.
  14:FATFS/App/fatfs.c ****   * If no LICENSE file comes with this software, it is provided AS-IS.
  15:FATFS/App/fatfs.c ****   *
  16:FATFS/App/fatfs.c ****   ******************************************************************************
  17:FATFS/App/fatfs.c ****   */
  18:FATFS/App/fatfs.c **** /* USER CODE END Header */
  19:FATFS/App/fatfs.c **** #include "fatfs.h"
  20:FATFS/App/fatfs.c **** 
  21:FATFS/App/fatfs.c **** uint8_t retUSER;    /* Return value for USER */
  22:FATFS/App/fatfs.c **** char USERPath[4];   /* USER logical drive path */
  23:FATFS/App/fatfs.c **** FATFS USERFatFS;    /* File system object for USER logical drive */
  24:FATFS/App/fatfs.c **** FIL USERFile;       /* File object for USER */
  25:FATFS/App/fatfs.c **** 
  26:FATFS/App/fatfs.c **** /* USER CODE BEGIN Variables */
  27:FATFS/App/fatfs.c **** 
  28:FATFS/App/fatfs.c **** /* USER CODE END Variables */
  29:FATFS/App/fatfs.c **** 
  30:FATFS/App/fatfs.c **** void MX_FATFS_Init(void)
ARM GAS  C:\Users\Admin\AppData\Local\Temp\ccWgQTbc.s 			page 2


  31:FATFS/App/fatfs.c **** {
  29              		.loc 1 31 1 view -0
  30              		.cfi_startproc
  31              		@ args = 0, pretend = 0, frame = 0
  32              		@ frame_needed = 0, uses_anonymous_args = 0
  33 0000 08B5     		push	{r3, lr}
  34              	.LCFI0:
  35              		.cfi_def_cfa_offset 8
  36              		.cfi_offset 3, -8
  37              		.cfi_offset 14, -4
  32:FATFS/App/fatfs.c ****   /*## FatFS: Link the USER driver ###########################*/
  33:FATFS/App/fatfs.c ****   retUSER = FATFS_LinkDriver(&USER_Driver, USERPath);
  38              		.loc 1 33 3 view .LVU1
  39              		.loc 1 33 13 is_stmt 0 view .LVU2
  40 0002 0349     		ldr	r1, .L3
  41 0004 0348     		ldr	r0, .L3+4
  42 0006 FFF7FEFF 		bl	FATFS_LinkDriver
  43              	.LVL0:
  44              		.loc 1 33 11 view .LVU3
  45 000a 034B     		ldr	r3, .L3+8
  46 000c 1870     		strb	r0, [r3]
  34:FATFS/App/fatfs.c **** 
  35:FATFS/App/fatfs.c ****   /* USER CODE BEGIN Init */
  36:FATFS/App/fatfs.c ****   /* additional user code for init */
  37:FATFS/App/fatfs.c ****   /* USER CODE END Init */
  38:FATFS/App/fatfs.c **** }
  47              		.loc 1 38 1 view .LVU4
  48 000e 08BD     		pop	{r3, pc}
  49              	.L4:
  50              		.align	2
  51              	.L3:
  52 0010 00000000 		.word	USERPath
  53 0014 00000000 		.word	USER_Driver
  54 0018 00000000 		.word	retUSER
  55              		.cfi_endproc
  56              	.LFE132:
  58              		.section	.text.get_fattime,"ax",%progbits
  59              		.align	1
  60              		.global	get_fattime
  61              		.syntax unified
  62              		.thumb
  63              		.thumb_func
  64              		.fpu fpv4-sp-d16
  66              	get_fattime:
  67              	.LFB133:
  39:FATFS/App/fatfs.c **** 
  40:FATFS/App/fatfs.c **** /**
  41:FATFS/App/fatfs.c ****   * @brief  Gets Time from RTC
  42:FATFS/App/fatfs.c ****   * @param  None
  43:FATFS/App/fatfs.c ****   * @retval Time in DWORD
  44:FATFS/App/fatfs.c ****   */
  45:FATFS/App/fatfs.c **** DWORD get_fattime(void)
  46:FATFS/App/fatfs.c **** {
  68              		.loc 1 46 1 is_stmt 1 view -0
  69              		.cfi_startproc
  70              		@ args = 0, pretend = 0, frame = 0
  71              		@ frame_needed = 0, uses_anonymous_args = 0
ARM GAS  C:\Users\Admin\AppData\Local\Temp\ccWgQTbc.s 			page 3


  72              		@ link register save eliminated.
  47:FATFS/App/fatfs.c ****   /* USER CODE BEGIN get_fattime */
  48:FATFS/App/fatfs.c ****   return 0;
  73              		.loc 1 48 3 view .LVU6
  49:FATFS/App/fatfs.c ****   /* USER CODE END get_fattime */
  50:FATFS/App/fatfs.c **** }
  74              		.loc 1 50 1 is_stmt 0 view .LVU7
  75 0000 0020     		movs	r0, #0
  76 0002 7047     		bx	lr
  77              		.cfi_endproc
  78              	.LFE133:
  80              		.comm	USERFile,560,4
  81              		.comm	USERFatFS,560,4
  82              		.comm	USERPath,4,4
  83              		.comm	retUSER,1,1
  84              		.text
  85              	.Letext0:
  86              		.file 2 "Middlewares/Third_Party/FatFs/src/integer.h"
  87              		.file 3 "c:\\ncs\\v1.7.1\\toolchain\\opt\\arm-none-eabi\\include\\machine\\_default_types.h"
  88              		.file 4 "c:\\ncs\\v1.7.1\\toolchain\\opt\\arm-none-eabi\\include\\sys\\_stdint.h"
  89              		.file 5 "Drivers/CMSIS/Include/core_cm4.h"
  90              		.file 6 "Drivers/CMSIS/Device/ST/STM32L4xx/Include/system_stm32l4xx.h"
  91              		.file 7 "Drivers/STM32L4xx_HAL_Driver/Inc/stm32l4xx_hal_def.h"
  92              		.file 8 "Drivers/STM32L4xx_HAL_Driver/Inc/stm32l4xx_hal_flash.h"
  93              		.file 9 "Drivers/STM32L4xx_HAL_Driver/Inc/stm32l4xx_hal.h"
  94              		.file 10 "c:\\ncs\\v1.7.1\\toolchain\\opt\\arm-none-eabi\\include\\sys\\lock.h"
  95              		.file 11 "c:\\ncs\\v1.7.1\\toolchain\\opt\\arm-none-eabi\\include\\sys\\_types.h"
  96              		.file 12 "c:\\ncs\\v1.7.1\\toolchain\\opt\\lib\\gcc\\arm-none-eabi\\9.2.1\\include\\stddef.h"
  97              		.file 13 "c:\\ncs\\v1.7.1\\toolchain\\opt\\arm-none-eabi\\include\\sys\\reent.h"
  98              		.file 14 "c:\\ncs\\v1.7.1\\toolchain\\opt\\arm-none-eabi\\include\\stdlib.h"
  99              		.file 15 "Middlewares/Third_Party/FatFs/src/ff.h"
 100              		.file 16 "Middlewares/Third_Party/FatFs/src/diskio.h"
 101              		.file 17 "Middlewares/Third_Party/FatFs/src/ff_gen_drv.h"
 102              		.file 18 "FATFS/Target/user_diskio.h"
 103              		.file 19 "FATFS/App/fatfs.h"
ARM GAS  C:\Users\Admin\AppData\Local\Temp\ccWgQTbc.s 			page 4


DEFINED SYMBOLS
                            *ABS*:00000000 fatfs.c
C:\Users\Admin\AppData\Local\Temp\ccWgQTbc.s:18     .text.MX_FATFS_Init:00000000 $t
C:\Users\Admin\AppData\Local\Temp\ccWgQTbc.s:26     .text.MX_FATFS_Init:00000000 MX_FATFS_Init
C:\Users\Admin\AppData\Local\Temp\ccWgQTbc.s:52     .text.MX_FATFS_Init:00000010 $d
                            *COM*:00000004 USERPath
                            *COM*:00000001 retUSER
C:\Users\Admin\AppData\Local\Temp\ccWgQTbc.s:59     .text.get_fattime:00000000 $t
C:\Users\Admin\AppData\Local\Temp\ccWgQTbc.s:66     .text.get_fattime:00000000 get_fattime
                            *COM*:00000230 USERFile
                            *COM*:00000230 USERFatFS

UNDEFINED SYMBOLS
FATFS_LinkDriver
USER_Driver
