ARM GAS  C:\Users\Admin\AppData\Local\Temp\ccJhR2IY.s 			page 1


   1              		.cpu cortex-m4
   2              		.eabi_attribute 27, 1
   3              		.eabi_attribute 28, 1
   4              		.eabi_attribute 20, 1
   5              		.eabi_attribute 21, 1
   6              		.eabi_attribute 23, 3
   7              		.eabi_attribute 24, 1
   8              		.eabi_attribute 25, 1
   9              		.eabi_attribute 26, 1
  10              		.eabi_attribute 30, 1
  11              		.eabi_attribute 34, 1
  12              		.eabi_attribute 18, 4
  13              		.file	"ff_gen_drv.c"
  14              		.text
  15              	.Ltext0:
  16              		.cfi_sections	.debug_frame
  17              		.section	.text.FATFS_LinkDriverEx,"ax",%progbits
  18              		.align	1
  19              		.global	FATFS_LinkDriverEx
  20              		.arch armv7e-m
  21              		.syntax unified
  22              		.thumb
  23              		.thumb_func
  24              		.fpu fpv4-sp-d16
  26              	FATFS_LinkDriverEx:
  27              	.LVL0:
  28              	.LFB132:
  29              		.file 1 "Middlewares/Third_Party/FatFs/src/ff_gen_drv.c"
   1:Middlewares/Third_Party/FatFs/src/ff_gen_drv.c **** /**
   2:Middlewares/Third_Party/FatFs/src/ff_gen_drv.c ****   ******************************************************************************
   3:Middlewares/Third_Party/FatFs/src/ff_gen_drv.c ****   * @file    ff_gen_drv.c
   4:Middlewares/Third_Party/FatFs/src/ff_gen_drv.c ****   * @author  MCD Application Team
   5:Middlewares/Third_Party/FatFs/src/ff_gen_drv.c ****   * @brief   FatFs generic low level driver.
   6:Middlewares/Third_Party/FatFs/src/ff_gen_drv.c ****   *****************************************************************************
   7:Middlewares/Third_Party/FatFs/src/ff_gen_drv.c ****   * @attention
   8:Middlewares/Third_Party/FatFs/src/ff_gen_drv.c ****   *
   9:Middlewares/Third_Party/FatFs/src/ff_gen_drv.c ****   * Copyright (c) 2017 STMicroelectronics. All rights reserved.
  10:Middlewares/Third_Party/FatFs/src/ff_gen_drv.c ****   *
  11:Middlewares/Third_Party/FatFs/src/ff_gen_drv.c ****   * This software component is licensed by ST under BSD 3-Clause license,
  12:Middlewares/Third_Party/FatFs/src/ff_gen_drv.c ****   * the "License"; You may not use this file except in compliance with the
  13:Middlewares/Third_Party/FatFs/src/ff_gen_drv.c ****   * License. You may obtain a copy of the License at:
  14:Middlewares/Third_Party/FatFs/src/ff_gen_drv.c ****   *                       opensource.org/licenses/BSD-3-Clause
  15:Middlewares/Third_Party/FatFs/src/ff_gen_drv.c ****   *
  16:Middlewares/Third_Party/FatFs/src/ff_gen_drv.c ****   ******************************************************************************
  17:Middlewares/Third_Party/FatFs/src/ff_gen_drv.c **** **/
  18:Middlewares/Third_Party/FatFs/src/ff_gen_drv.c **** /* Includes ------------------------------------------------------------------*/
  19:Middlewares/Third_Party/FatFs/src/ff_gen_drv.c **** #include "ff_gen_drv.h"
  20:Middlewares/Third_Party/FatFs/src/ff_gen_drv.c **** 
  21:Middlewares/Third_Party/FatFs/src/ff_gen_drv.c **** /* Private typedef -----------------------------------------------------------*/
  22:Middlewares/Third_Party/FatFs/src/ff_gen_drv.c **** /* Private define ------------------------------------------------------------*/
  23:Middlewares/Third_Party/FatFs/src/ff_gen_drv.c **** /* Private variables ---------------------------------------------------------*/
  24:Middlewares/Third_Party/FatFs/src/ff_gen_drv.c **** Disk_drvTypeDef disk = {{0},{0},{0},0};
  25:Middlewares/Third_Party/FatFs/src/ff_gen_drv.c **** 
  26:Middlewares/Third_Party/FatFs/src/ff_gen_drv.c **** /* Private function prototypes -----------------------------------------------*/
  27:Middlewares/Third_Party/FatFs/src/ff_gen_drv.c **** /* Private functions ---------------------------------------------------------*/
  28:Middlewares/Third_Party/FatFs/src/ff_gen_drv.c **** 
  29:Middlewares/Third_Party/FatFs/src/ff_gen_drv.c **** /**
ARM GAS  C:\Users\Admin\AppData\Local\Temp\ccJhR2IY.s 			page 2


  30:Middlewares/Third_Party/FatFs/src/ff_gen_drv.c ****   * @brief  Links a compatible diskio driver/lun id and increments the number of active
  31:Middlewares/Third_Party/FatFs/src/ff_gen_drv.c ****   *         linked drivers.
  32:Middlewares/Third_Party/FatFs/src/ff_gen_drv.c ****   * @note   The number of linked drivers (volumes) is up to 10 due to FatFs limits.
  33:Middlewares/Third_Party/FatFs/src/ff_gen_drv.c ****   * @param  drv: pointer to the disk IO Driver structure
  34:Middlewares/Third_Party/FatFs/src/ff_gen_drv.c ****   * @param  path: pointer to the logical drive path
  35:Middlewares/Third_Party/FatFs/src/ff_gen_drv.c ****   * @param  lun : only used for USB Key Disk to add multi-lun management
  36:Middlewares/Third_Party/FatFs/src/ff_gen_drv.c ****             else the parameter must be equal to 0
  37:Middlewares/Third_Party/FatFs/src/ff_gen_drv.c ****   * @retval Returns 0 in case of success, otherwise 1.
  38:Middlewares/Third_Party/FatFs/src/ff_gen_drv.c ****   */
  39:Middlewares/Third_Party/FatFs/src/ff_gen_drv.c **** uint8_t FATFS_LinkDriverEx(const Diskio_drvTypeDef *drv, char *path, uint8_t lun)
  40:Middlewares/Third_Party/FatFs/src/ff_gen_drv.c **** {
  30              		.loc 1 40 1 view -0
  31              		.cfi_startproc
  32              		@ args = 0, pretend = 0, frame = 0
  33              		@ frame_needed = 0, uses_anonymous_args = 0
  34              		@ link register save eliminated.
  41:Middlewares/Third_Party/FatFs/src/ff_gen_drv.c ****   uint8_t ret = 1;
  35              		.loc 1 41 3 view .LVU1
  42:Middlewares/Third_Party/FatFs/src/ff_gen_drv.c ****   uint8_t DiskNum = 0;
  36              		.loc 1 42 3 view .LVU2
  43:Middlewares/Third_Party/FatFs/src/ff_gen_drv.c **** 
  44:Middlewares/Third_Party/FatFs/src/ff_gen_drv.c ****   if(disk.nbr < _VOLUMES)
  37              		.loc 1 44 3 view .LVU3
  38              		.loc 1 44 10 is_stmt 0 view .LVU4
  39 0000 104B     		ldr	r3, .L8
  40 0002 5B7A     		ldrb	r3, [r3, #9]	@ zero_extendqisi2
  41              		.loc 1 44 5 view .LVU5
  42 0004 E3B9     		cbnz	r3, .L3
  40:Middlewares/Third_Party/FatFs/src/ff_gen_drv.c ****   uint8_t ret = 1;
  43              		.loc 1 40 1 view .LVU6
  44 0006 70B4     		push	{r4, r5, r6}
  45              	.LCFI0:
  46              		.cfi_def_cfa_offset 12
  47              		.cfi_offset 4, -12
  48              		.cfi_offset 5, -8
  49              		.cfi_offset 6, -4
  50 0008 0446     		mov	r4, r0
  51 000a 03F0FF00 		and	r0, r3, #255
  52              	.LVL1:
  45:Middlewares/Third_Party/FatFs/src/ff_gen_drv.c ****   {
  46:Middlewares/Third_Party/FatFs/src/ff_gen_drv.c ****     disk.is_initialized[disk.nbr] = 0;
  53              		.loc 1 46 5 is_stmt 1 view .LVU7
  54              		.loc 1 46 29 is_stmt 0 view .LVU8
  55 000e 0D4B     		ldr	r3, .L8
  56 0010 5D7A     		ldrb	r5, [r3, #9]	@ zero_extendqisi2
  57 0012 EDB2     		uxtb	r5, r5
  58              		.loc 1 46 35 view .LVU9
  59 0014 0026     		movs	r6, #0
  60 0016 5E55     		strb	r6, [r3, r5]
  47:Middlewares/Third_Party/FatFs/src/ff_gen_drv.c ****     disk.drv[disk.nbr] = drv;
  61              		.loc 1 47 5 is_stmt 1 view .LVU10
  62              		.loc 1 47 18 is_stmt 0 view .LVU11
  63 0018 5D7A     		ldrb	r5, [r3, #9]	@ zero_extendqisi2
  64              		.loc 1 47 24 view .LVU12
  65 001a 03EB8505 		add	r5, r3, r5, lsl #2
  66 001e 6C60     		str	r4, [r5, #4]
  48:Middlewares/Third_Party/FatFs/src/ff_gen_drv.c ****     disk.lun[disk.nbr] = lun;
ARM GAS  C:\Users\Admin\AppData\Local\Temp\ccJhR2IY.s 			page 3


  67              		.loc 1 48 5 is_stmt 1 view .LVU13
  68              		.loc 1 48 18 is_stmt 0 view .LVU14
  69 0020 5C7A     		ldrb	r4, [r3, #9]	@ zero_extendqisi2
  70              	.LVL2:
  71              		.loc 1 48 24 view .LVU15
  72 0022 1C44     		add	r4, r4, r3
  73 0024 2272     		strb	r2, [r4, #8]
  49:Middlewares/Third_Party/FatFs/src/ff_gen_drv.c ****     DiskNum = disk.nbr++;
  74              		.loc 1 49 5 is_stmt 1 view .LVU16
  75              		.loc 1 49 19 is_stmt 0 view .LVU17
  76 0026 5A7A     		ldrb	r2, [r3, #9]	@ zero_extendqisi2
  77              	.LVL3:
  78              		.loc 1 49 23 view .LVU18
  79 0028 541C     		adds	r4, r2, #1
  80              	.LVL4:
  81              		.loc 1 49 23 view .LVU19
  82 002a E4B2     		uxtb	r4, r4
  83 002c 5C72     		strb	r4, [r3, #9]
  84              	.LVL5:
  50:Middlewares/Third_Party/FatFs/src/ff_gen_drv.c ****     path[0] = DiskNum + '0';
  85              		.loc 1 50 5 is_stmt 1 view .LVU20
  86              		.loc 1 50 23 is_stmt 0 view .LVU21
  87 002e 3032     		adds	r2, r2, #48
  88              	.LVL6:
  89              		.loc 1 50 13 view .LVU22
  90 0030 0A70     		strb	r2, [r1]
  91              	.LVL7:
  51:Middlewares/Third_Party/FatFs/src/ff_gen_drv.c ****     path[1] = ':';
  92              		.loc 1 51 5 is_stmt 1 view .LVU23
  93              		.loc 1 51 13 is_stmt 0 view .LVU24
  94 0032 3A23     		movs	r3, #58
  95 0034 4B70     		strb	r3, [r1, #1]
  52:Middlewares/Third_Party/FatFs/src/ff_gen_drv.c ****     path[2] = '/';
  96              		.loc 1 52 5 is_stmt 1 view .LVU25
  97              		.loc 1 52 13 is_stmt 0 view .LVU26
  98 0036 2F23     		movs	r3, #47
  99 0038 8B70     		strb	r3, [r1, #2]
  53:Middlewares/Third_Party/FatFs/src/ff_gen_drv.c ****     path[3] = 0;
 100              		.loc 1 53 5 is_stmt 1 view .LVU27
 101              		.loc 1 53 13 is_stmt 0 view .LVU28
 102 003a CE70     		strb	r6, [r1, #3]
  54:Middlewares/Third_Party/FatFs/src/ff_gen_drv.c ****     ret = 0;
 103              		.loc 1 54 5 is_stmt 1 view .LVU29
 104              	.LVL8:
  55:Middlewares/Third_Party/FatFs/src/ff_gen_drv.c ****   }
  56:Middlewares/Third_Party/FatFs/src/ff_gen_drv.c **** 
  57:Middlewares/Third_Party/FatFs/src/ff_gen_drv.c ****   return ret;
 105              		.loc 1 57 3 view .LVU30
  58:Middlewares/Third_Party/FatFs/src/ff_gen_drv.c **** }
 106              		.loc 1 58 1 is_stmt 0 view .LVU31
 107 003c 70BC     		pop	{r4, r5, r6}
 108              	.LCFI1:
 109              		.cfi_restore 6
 110              		.cfi_restore 5
 111              		.cfi_restore 4
 112              		.cfi_def_cfa_offset 0
 113 003e 7047     		bx	lr
ARM GAS  C:\Users\Admin\AppData\Local\Temp\ccJhR2IY.s 			page 4


 114              	.LVL9:
 115              	.L3:
  41:Middlewares/Third_Party/FatFs/src/ff_gen_drv.c ****   uint8_t DiskNum = 0;
 116              		.loc 1 41 11 view .LVU32
 117 0040 0120     		movs	r0, #1
 118              	.LVL10:
  57:Middlewares/Third_Party/FatFs/src/ff_gen_drv.c **** }
 119              		.loc 1 57 3 is_stmt 1 view .LVU33
 120              		.loc 1 58 1 is_stmt 0 view .LVU34
 121 0042 7047     		bx	lr
 122              	.L9:
 123              		.align	2
 124              	.L8:
 125 0044 00000000 		.word	.LANCHOR0
 126              		.cfi_endproc
 127              	.LFE132:
 129              		.section	.text.FATFS_LinkDriver,"ax",%progbits
 130              		.align	1
 131              		.global	FATFS_LinkDriver
 132              		.syntax unified
 133              		.thumb
 134              		.thumb_func
 135              		.fpu fpv4-sp-d16
 137              	FATFS_LinkDriver:
 138              	.LVL11:
 139              	.LFB133:
  59:Middlewares/Third_Party/FatFs/src/ff_gen_drv.c **** 
  60:Middlewares/Third_Party/FatFs/src/ff_gen_drv.c **** /**
  61:Middlewares/Third_Party/FatFs/src/ff_gen_drv.c ****   * @brief  Links a compatible diskio driver and increments the number of active
  62:Middlewares/Third_Party/FatFs/src/ff_gen_drv.c ****   *         linked drivers.
  63:Middlewares/Third_Party/FatFs/src/ff_gen_drv.c ****   * @note   The number of linked drivers (volumes) is up to 10 due to FatFs limits
  64:Middlewares/Third_Party/FatFs/src/ff_gen_drv.c ****   * @param  drv: pointer to the disk IO Driver structure
  65:Middlewares/Third_Party/FatFs/src/ff_gen_drv.c ****   * @param  path: pointer to the logical drive path
  66:Middlewares/Third_Party/FatFs/src/ff_gen_drv.c ****   * @retval Returns 0 in case of success, otherwise 1.
  67:Middlewares/Third_Party/FatFs/src/ff_gen_drv.c ****   */
  68:Middlewares/Third_Party/FatFs/src/ff_gen_drv.c **** uint8_t FATFS_LinkDriver(const Diskio_drvTypeDef *drv, char *path)
  69:Middlewares/Third_Party/FatFs/src/ff_gen_drv.c **** {
 140              		.loc 1 69 1 is_stmt 1 view -0
 141              		.cfi_startproc
 142              		@ args = 0, pretend = 0, frame = 0
 143              		@ frame_needed = 0, uses_anonymous_args = 0
 144              		.loc 1 69 1 is_stmt 0 view .LVU36
 145 0000 08B5     		push	{r3, lr}
 146              	.LCFI2:
 147              		.cfi_def_cfa_offset 8
 148              		.cfi_offset 3, -8
 149              		.cfi_offset 14, -4
  70:Middlewares/Third_Party/FatFs/src/ff_gen_drv.c ****   return FATFS_LinkDriverEx(drv, path, 0);
 150              		.loc 1 70 3 is_stmt 1 view .LVU37
 151              		.loc 1 70 10 is_stmt 0 view .LVU38
 152 0002 0022     		movs	r2, #0
 153 0004 FFF7FEFF 		bl	FATFS_LinkDriverEx
 154              	.LVL12:
  71:Middlewares/Third_Party/FatFs/src/ff_gen_drv.c **** }
 155              		.loc 1 71 1 view .LVU39
 156 0008 08BD     		pop	{r3, pc}
 157              		.cfi_endproc
ARM GAS  C:\Users\Admin\AppData\Local\Temp\ccJhR2IY.s 			page 5


 158              	.LFE133:
 160              		.section	.text.FATFS_UnLinkDriverEx,"ax",%progbits
 161              		.align	1
 162              		.global	FATFS_UnLinkDriverEx
 163              		.syntax unified
 164              		.thumb
 165              		.thumb_func
 166              		.fpu fpv4-sp-d16
 168              	FATFS_UnLinkDriverEx:
 169              	.LVL13:
 170              	.LFB134:
  72:Middlewares/Third_Party/FatFs/src/ff_gen_drv.c **** 
  73:Middlewares/Third_Party/FatFs/src/ff_gen_drv.c **** /**
  74:Middlewares/Third_Party/FatFs/src/ff_gen_drv.c ****   * @brief  Unlinks a diskio driver and decrements the number of active linked
  75:Middlewares/Third_Party/FatFs/src/ff_gen_drv.c ****   *         drivers.
  76:Middlewares/Third_Party/FatFs/src/ff_gen_drv.c ****   * @param  path: pointer to the logical drive path
  77:Middlewares/Third_Party/FatFs/src/ff_gen_drv.c ****   * @param  lun : not used
  78:Middlewares/Third_Party/FatFs/src/ff_gen_drv.c ****   * @retval Returns 0 in case of success, otherwise 1.
  79:Middlewares/Third_Party/FatFs/src/ff_gen_drv.c ****   */
  80:Middlewares/Third_Party/FatFs/src/ff_gen_drv.c **** uint8_t FATFS_UnLinkDriverEx(char *path, uint8_t lun)
  81:Middlewares/Third_Party/FatFs/src/ff_gen_drv.c **** {
 171              		.loc 1 81 1 is_stmt 1 view -0
 172              		.cfi_startproc
 173              		@ args = 0, pretend = 0, frame = 0
 174              		@ frame_needed = 0, uses_anonymous_args = 0
 175              		@ link register save eliminated.
  82:Middlewares/Third_Party/FatFs/src/ff_gen_drv.c ****   uint8_t DiskNum = 0;
 176              		.loc 1 82 3 view .LVU41
  83:Middlewares/Third_Party/FatFs/src/ff_gen_drv.c ****   uint8_t ret = 1;
 177              		.loc 1 83 3 view .LVU42
  84:Middlewares/Third_Party/FatFs/src/ff_gen_drv.c **** 
  85:Middlewares/Third_Party/FatFs/src/ff_gen_drv.c ****   if(disk.nbr >= 1)
 178              		.loc 1 85 3 view .LVU43
 179              		.loc 1 85 10 is_stmt 0 view .LVU44
 180 0000 0D4B     		ldr	r3, .L16
 181 0002 5B7A     		ldrb	r3, [r3, #9]	@ zero_extendqisi2
 182              		.loc 1 85 5 view .LVU45
 183 0004 9BB1     		cbz	r3, .L14
  86:Middlewares/Third_Party/FatFs/src/ff_gen_drv.c ****   {
  87:Middlewares/Third_Party/FatFs/src/ff_gen_drv.c ****     DiskNum = path[0] - '0';
 184              		.loc 1 87 5 is_stmt 1 view .LVU46
 185              		.loc 1 87 19 is_stmt 0 view .LVU47
 186 0006 0378     		ldrb	r3, [r0]	@ zero_extendqisi2
 187              		.loc 1 87 13 view .LVU48
 188 0008 303B     		subs	r3, r3, #48
 189 000a DBB2     		uxtb	r3, r3
 190              	.LVL14:
  88:Middlewares/Third_Party/FatFs/src/ff_gen_drv.c ****     if(disk.drv[DiskNum] != 0)
 191              		.loc 1 88 5 is_stmt 1 view .LVU49
 192              		.loc 1 88 16 is_stmt 0 view .LVU50
 193 000c 0A4A     		ldr	r2, .L16
 194 000e 02EB8302 		add	r2, r2, r3, lsl #2
 195 0012 5268     		ldr	r2, [r2, #4]
 196              		.loc 1 88 7 view .LVU51
 197 0014 6AB1     		cbz	r2, .L15
  89:Middlewares/Third_Party/FatFs/src/ff_gen_drv.c ****     {
  90:Middlewares/Third_Party/FatFs/src/ff_gen_drv.c ****       disk.drv[DiskNum] = 0;
ARM GAS  C:\Users\Admin\AppData\Local\Temp\ccJhR2IY.s 			page 6


 198              		.loc 1 90 7 is_stmt 1 view .LVU52
 199              		.loc 1 90 25 is_stmt 0 view .LVU53
 200 0016 084A     		ldr	r2, .L16
 201 0018 02EB8301 		add	r1, r2, r3, lsl #2
 202              	.LVL15:
 203              		.loc 1 90 25 view .LVU54
 204 001c 0020     		movs	r0, #0
 205              	.LVL16:
 206              		.loc 1 90 25 view .LVU55
 207 001e 4860     		str	r0, [r1, #4]
  91:Middlewares/Third_Party/FatFs/src/ff_gen_drv.c ****       disk.lun[DiskNum] = 0;
 208              		.loc 1 91 7 is_stmt 1 view .LVU56
 209              		.loc 1 91 25 is_stmt 0 view .LVU57
 210 0020 1344     		add	r3, r3, r2
 211 0022 1872     		strb	r0, [r3, #8]
  92:Middlewares/Third_Party/FatFs/src/ff_gen_drv.c ****       disk.nbr--;
 212              		.loc 1 92 7 is_stmt 1 view .LVU58
 213              		.loc 1 92 11 is_stmt 0 view .LVU59
 214 0024 537A     		ldrb	r3, [r2, #9]	@ zero_extendqisi2
 215              		.loc 1 92 15 view .LVU60
 216 0026 013B     		subs	r3, r3, #1
 217 0028 DBB2     		uxtb	r3, r3
 218 002a 5372     		strb	r3, [r2, #9]
  93:Middlewares/Third_Party/FatFs/src/ff_gen_drv.c ****       ret = 0;
 219              		.loc 1 93 7 is_stmt 1 view .LVU61
 220              	.LVL17:
 221              		.loc 1 93 7 is_stmt 0 view .LVU62
 222 002c 7047     		bx	lr
 223              	.LVL18:
 224              	.L14:
  83:Middlewares/Third_Party/FatFs/src/ff_gen_drv.c **** 
 225              		.loc 1 83 11 view .LVU63
 226 002e 0120     		movs	r0, #1
 227              	.LVL19:
  83:Middlewares/Third_Party/FatFs/src/ff_gen_drv.c **** 
 228              		.loc 1 83 11 view .LVU64
 229 0030 7047     		bx	lr
 230              	.LVL20:
 231              	.L15:
  83:Middlewares/Third_Party/FatFs/src/ff_gen_drv.c **** 
 232              		.loc 1 83 11 view .LVU65
 233 0032 0120     		movs	r0, #1
 234              	.LVL21:
  94:Middlewares/Third_Party/FatFs/src/ff_gen_drv.c ****     }
  95:Middlewares/Third_Party/FatFs/src/ff_gen_drv.c ****   }
  96:Middlewares/Third_Party/FatFs/src/ff_gen_drv.c **** 
  97:Middlewares/Third_Party/FatFs/src/ff_gen_drv.c ****   return ret;
 235              		.loc 1 97 3 is_stmt 1 view .LVU66
  98:Middlewares/Third_Party/FatFs/src/ff_gen_drv.c **** }
 236              		.loc 1 98 1 is_stmt 0 view .LVU67
 237 0034 7047     		bx	lr
 238              	.L17:
 239 0036 00BF     		.align	2
 240              	.L16:
 241 0038 00000000 		.word	.LANCHOR0
 242              		.cfi_endproc
 243              	.LFE134:
ARM GAS  C:\Users\Admin\AppData\Local\Temp\ccJhR2IY.s 			page 7


 245              		.section	.text.FATFS_UnLinkDriver,"ax",%progbits
 246              		.align	1
 247              		.global	FATFS_UnLinkDriver
 248              		.syntax unified
 249              		.thumb
 250              		.thumb_func
 251              		.fpu fpv4-sp-d16
 253              	FATFS_UnLinkDriver:
 254              	.LVL22:
 255              	.LFB135:
  99:Middlewares/Third_Party/FatFs/src/ff_gen_drv.c **** 
 100:Middlewares/Third_Party/FatFs/src/ff_gen_drv.c **** /**
 101:Middlewares/Third_Party/FatFs/src/ff_gen_drv.c ****   * @brief  Unlinks a diskio driver and decrements the number of active linked
 102:Middlewares/Third_Party/FatFs/src/ff_gen_drv.c ****   *         drivers.
 103:Middlewares/Third_Party/FatFs/src/ff_gen_drv.c ****   * @param  path: pointer to the logical drive path
 104:Middlewares/Third_Party/FatFs/src/ff_gen_drv.c ****   * @retval Returns 0 in case of success, otherwise 1.
 105:Middlewares/Third_Party/FatFs/src/ff_gen_drv.c ****   */
 106:Middlewares/Third_Party/FatFs/src/ff_gen_drv.c **** uint8_t FATFS_UnLinkDriver(char *path)
 107:Middlewares/Third_Party/FatFs/src/ff_gen_drv.c **** {
 256              		.loc 1 107 1 is_stmt 1 view -0
 257              		.cfi_startproc
 258              		@ args = 0, pretend = 0, frame = 0
 259              		@ frame_needed = 0, uses_anonymous_args = 0
 260              		.loc 1 107 1 is_stmt 0 view .LVU69
 261 0000 08B5     		push	{r3, lr}
 262              	.LCFI3:
 263              		.cfi_def_cfa_offset 8
 264              		.cfi_offset 3, -8
 265              		.cfi_offset 14, -4
 108:Middlewares/Third_Party/FatFs/src/ff_gen_drv.c ****   return FATFS_UnLinkDriverEx(path, 0);
 266              		.loc 1 108 3 is_stmt 1 view .LVU70
 267              		.loc 1 108 10 is_stmt 0 view .LVU71
 268 0002 0021     		movs	r1, #0
 269 0004 FFF7FEFF 		bl	FATFS_UnLinkDriverEx
 270              	.LVL23:
 109:Middlewares/Third_Party/FatFs/src/ff_gen_drv.c **** }
 271              		.loc 1 109 1 view .LVU72
 272 0008 08BD     		pop	{r3, pc}
 273              		.cfi_endproc
 274              	.LFE135:
 276              		.section	.text.FATFS_GetAttachedDriversNbr,"ax",%progbits
 277              		.align	1
 278              		.global	FATFS_GetAttachedDriversNbr
 279              		.syntax unified
 280              		.thumb
 281              		.thumb_func
 282              		.fpu fpv4-sp-d16
 284              	FATFS_GetAttachedDriversNbr:
 285              	.LFB136:
 110:Middlewares/Third_Party/FatFs/src/ff_gen_drv.c **** 
 111:Middlewares/Third_Party/FatFs/src/ff_gen_drv.c **** /**
 112:Middlewares/Third_Party/FatFs/src/ff_gen_drv.c ****   * @brief  Gets number of linked drivers to the FatFs module.
 113:Middlewares/Third_Party/FatFs/src/ff_gen_drv.c ****   * @param  None
 114:Middlewares/Third_Party/FatFs/src/ff_gen_drv.c ****   * @retval Number of attached drivers.
 115:Middlewares/Third_Party/FatFs/src/ff_gen_drv.c ****   */
 116:Middlewares/Third_Party/FatFs/src/ff_gen_drv.c **** uint8_t FATFS_GetAttachedDriversNbr(void)
 117:Middlewares/Third_Party/FatFs/src/ff_gen_drv.c **** {
ARM GAS  C:\Users\Admin\AppData\Local\Temp\ccJhR2IY.s 			page 8


 286              		.loc 1 117 1 is_stmt 1 view -0
 287              		.cfi_startproc
 288              		@ args = 0, pretend = 0, frame = 0
 289              		@ frame_needed = 0, uses_anonymous_args = 0
 290              		@ link register save eliminated.
 118:Middlewares/Third_Party/FatFs/src/ff_gen_drv.c ****   return disk.nbr;
 291              		.loc 1 118 3 view .LVU74
 292              		.loc 1 118 14 is_stmt 0 view .LVU75
 293 0000 014B     		ldr	r3, .L21
 294 0002 587A     		ldrb	r0, [r3, #9]	@ zero_extendqisi2
 119:Middlewares/Third_Party/FatFs/src/ff_gen_drv.c **** }
 295              		.loc 1 119 1 view .LVU76
 296 0004 7047     		bx	lr
 297              	.L22:
 298 0006 00BF     		.align	2
 299              	.L21:
 300 0008 00000000 		.word	.LANCHOR0
 301              		.cfi_endproc
 302              	.LFE136:
 304              		.global	disk
 305              		.section	.bss.disk,"aw",%nobits
 306              		.align	2
 307              		.set	.LANCHOR0,. + 0
 310              	disk:
 311 0000 00000000 		.space	12
 311      00000000 
 311      00000000 
 312              		.text
 313              	.Letext0:
 314              		.file 2 "Middlewares/Third_Party/FatFs/src/integer.h"
 315              		.file 3 "Middlewares/Third_Party/FatFs/src/diskio.h"
 316              		.file 4 "c:\\ncs\\v1.7.1\\toolchain\\opt\\arm-none-eabi\\include\\machine\\_default_types.h"
 317              		.file 5 "c:\\ncs\\v1.7.1\\toolchain\\opt\\arm-none-eabi\\include\\sys\\_stdint.h"
 318              		.file 6 "Drivers/CMSIS/Include/core_cm4.h"
 319              		.file 7 "Drivers/CMSIS/Device/ST/STM32L4xx/Include/system_stm32l4xx.h"
 320              		.file 8 "Drivers/STM32L4xx_HAL_Driver/Inc/stm32l4xx_hal_def.h"
 321              		.file 9 "Drivers/STM32L4xx_HAL_Driver/Inc/stm32l4xx_hal_flash.h"
 322              		.file 10 "Drivers/STM32L4xx_HAL_Driver/Inc/stm32l4xx_hal.h"
 323              		.file 11 "c:\\ncs\\v1.7.1\\toolchain\\opt\\arm-none-eabi\\include\\sys\\lock.h"
 324              		.file 12 "c:\\ncs\\v1.7.1\\toolchain\\opt\\arm-none-eabi\\include\\sys\\_types.h"
 325              		.file 13 "c:\\ncs\\v1.7.1\\toolchain\\opt\\lib\\gcc\\arm-none-eabi\\9.2.1\\include\\stddef.h"
 326              		.file 14 "c:\\ncs\\v1.7.1\\toolchain\\opt\\arm-none-eabi\\include\\sys\\reent.h"
 327              		.file 15 "c:\\ncs\\v1.7.1\\toolchain\\opt\\arm-none-eabi\\include\\stdlib.h"
 328              		.file 16 "Middlewares/Third_Party/FatFs/src/ff_gen_drv.h"
ARM GAS  C:\Users\Admin\AppData\Local\Temp\ccJhR2IY.s 			page 9


DEFINED SYMBOLS
                            *ABS*:00000000 ff_gen_drv.c
C:\Users\Admin\AppData\Local\Temp\ccJhR2IY.s:18     .text.FATFS_LinkDriverEx:00000000 $t
C:\Users\Admin\AppData\Local\Temp\ccJhR2IY.s:26     .text.FATFS_LinkDriverEx:00000000 FATFS_LinkDriverEx
C:\Users\Admin\AppData\Local\Temp\ccJhR2IY.s:125    .text.FATFS_LinkDriverEx:00000044 $d
C:\Users\Admin\AppData\Local\Temp\ccJhR2IY.s:130    .text.FATFS_LinkDriver:00000000 $t
C:\Users\Admin\AppData\Local\Temp\ccJhR2IY.s:137    .text.FATFS_LinkDriver:00000000 FATFS_LinkDriver
C:\Users\Admin\AppData\Local\Temp\ccJhR2IY.s:161    .text.FATFS_UnLinkDriverEx:00000000 $t
C:\Users\Admin\AppData\Local\Temp\ccJhR2IY.s:168    .text.FATFS_UnLinkDriverEx:00000000 FATFS_UnLinkDriverEx
C:\Users\Admin\AppData\Local\Temp\ccJhR2IY.s:241    .text.FATFS_UnLinkDriverEx:00000038 $d
C:\Users\Admin\AppData\Local\Temp\ccJhR2IY.s:246    .text.FATFS_UnLinkDriver:00000000 $t
C:\Users\Admin\AppData\Local\Temp\ccJhR2IY.s:253    .text.FATFS_UnLinkDriver:00000000 FATFS_UnLinkDriver
C:\Users\Admin\AppData\Local\Temp\ccJhR2IY.s:277    .text.FATFS_GetAttachedDriversNbr:00000000 $t
C:\Users\Admin\AppData\Local\Temp\ccJhR2IY.s:284    .text.FATFS_GetAttachedDriversNbr:00000000 FATFS_GetAttachedDriversNbr
C:\Users\Admin\AppData\Local\Temp\ccJhR2IY.s:300    .text.FATFS_GetAttachedDriversNbr:00000008 $d
C:\Users\Admin\AppData\Local\Temp\ccJhR2IY.s:310    .bss.disk:00000000 disk
C:\Users\Admin\AppData\Local\Temp\ccJhR2IY.s:306    .bss.disk:00000000 $d

NO UNDEFINED SYMBOLS
