ARM GAS  C:\Users\Admin\AppData\Local\Temp\ccgQFUb4.s 			page 1


   1              		.cpu cortex-m4
   2              		.eabi_attribute 27, 1
   3              		.eabi_attribute 28, 1
   4              		.eabi_attribute 20, 1
   5              		.eabi_attribute 21, 1
   6              		.eabi_attribute 23, 3
   7              		.eabi_attribute 24, 1
   8              		.eabi_attribute 25, 1
   9              		.eabi_attribute 26, 1
  10              		.eabi_attribute 30, 1
  11              		.eabi_attribute 34, 1
  12              		.eabi_attribute 18, 4
  13              		.file	"usbd_msc_data.c"
  14              		.text
  15              	.Ltext0:
  16              		.cfi_sections	.debug_frame
  17              		.global	MSC_Mode_Sense10_data
  18              		.global	MSC_Mode_Sense6_data
  19              		.global	MSC_Page80_Inquiry_Data
  20              		.global	MSC_Page00_Inquiry_Data
  21              		.section	.data.MSC_Mode_Sense10_data,"aw"
  22              		.align	2
  25              	MSC_Mode_Sense10_data:
  26 0000 00260000 		.ascii	"\000&\000\000\000\000\000\000\010\022\000\000\000\000"
  26      00000000 
  26      08120000 
  26      0000
  27 000e 00000000 		.ascii	"\000\000\000\000\000\000\000\000\000\000\000\000\000"
  27      00000000 
  27      00000000 
  27      00
  28              		.section	.data.MSC_Mode_Sense6_data,"aw"
  29              		.align	2
  32              	MSC_Mode_Sense6_data:
  33 0000 22000000 		.ascii	"\"\000\000\000\010\022\000\000\000\000\000\000\000\000"
  33      08120000 
  33      00000000 
  33      0000
  34 000e 00000000 		.ascii	"\000\000\000\000\000\000\000\000\000"
  34      00000000 
  34      00
  35              		.section	.data.MSC_Page00_Inquiry_Data,"aw"
  36              		.align	2
  39              	MSC_Page00_Inquiry_Data:
  40 0000 00000002 		.ascii	"\000\000\000\002\000\200"
  40      0080
  41              		.section	.data.MSC_Page80_Inquiry_Data,"aw"
  42              		.align	2
  45              	MSC_Page80_Inquiry_Data:
  46 0000 00800008 		.ascii	"\000\200\000\010    "
  46      20202020 
  47              		.text
  48              	.Letext0:
  49              		.file 1 "c:\\ncs\\v1.7.1\\toolchain\\opt\\arm-none-eabi\\include\\machine\\_default_types.h"
  50              		.file 2 "c:\\ncs\\v1.7.1\\toolchain\\opt\\arm-none-eabi\\include\\sys\\lock.h"
  51              		.file 3 "c:\\ncs\\v1.7.1\\toolchain\\opt\\arm-none-eabi\\include\\sys\\_types.h"
  52              		.file 4 "c:\\ncs\\v1.7.1\\toolchain\\opt\\lib\\gcc\\arm-none-eabi\\9.2.1\\include\\stddef.h"
ARM GAS  C:\Users\Admin\AppData\Local\Temp\ccgQFUb4.s 			page 2


  53              		.file 5 "c:\\ncs\\v1.7.1\\toolchain\\opt\\arm-none-eabi\\include\\sys\\reent.h"
  54              		.file 6 "c:\\ncs\\v1.7.1\\toolchain\\opt\\arm-none-eabi\\include\\sys\\_stdint.h"
  55              		.file 7 "c:\\ncs\\v1.7.1\\toolchain\\opt\\arm-none-eabi\\include\\stdlib.h"
  56              		.file 8 "Drivers/CMSIS/Include/core_cm4.h"
  57              		.file 9 "Drivers/CMSIS/Device/ST/STM32L4xx/Include/system_stm32l4xx.h"
  58              		.file 10 "Drivers/STM32L4xx_HAL_Driver/Inc/stm32l4xx_hal_def.h"
  59              		.file 11 "Drivers/STM32L4xx_HAL_Driver/Inc/stm32l4xx_hal_flash.h"
  60              		.file 12 "Drivers/STM32L4xx_HAL_Driver/Inc/stm32l4xx_hal.h"
  61              		.file 13 "Middlewares/ST/STM32_USB_Device_Library/Class/MSC/Inc/usbd_msc_data.h"
  62              		.file 14 "Middlewares/ST/STM32_USB_Device_Library/Class/MSC/Src/usbd_msc_data.c"
ARM GAS  C:\Users\Admin\AppData\Local\Temp\ccgQFUb4.s 			page 3


DEFINED SYMBOLS
                            *ABS*:00000000 usbd_msc_data.c
C:\Users\Admin\AppData\Local\Temp\ccgQFUb4.s:25     .data.MSC_Mode_Sense10_data:00000000 MSC_Mode_Sense10_data
C:\Users\Admin\AppData\Local\Temp\ccgQFUb4.s:32     .data.MSC_Mode_Sense6_data:00000000 MSC_Mode_Sense6_data
C:\Users\Admin\AppData\Local\Temp\ccgQFUb4.s:45     .data.MSC_Page80_Inquiry_Data:00000000 MSC_Page80_Inquiry_Data
C:\Users\Admin\AppData\Local\Temp\ccgQFUb4.s:39     .data.MSC_Page00_Inquiry_Data:00000000 MSC_Page00_Inquiry_Data
C:\Users\Admin\AppData\Local\Temp\ccgQFUb4.s:22     .data.MSC_Mode_Sense10_data:00000000 $d
C:\Users\Admin\AppData\Local\Temp\ccgQFUb4.s:29     .data.MSC_Mode_Sense6_data:00000000 $d
C:\Users\Admin\AppData\Local\Temp\ccgQFUb4.s:36     .data.MSC_Page00_Inquiry_Data:00000000 $d
C:\Users\Admin\AppData\Local\Temp\ccgQFUb4.s:42     .data.MSC_Page80_Inquiry_Data:00000000 $d

NO UNDEFINED SYMBOLS
