ARM GAS  C:\Users\Admin\AppData\Local\Temp\cc8nOyxf.s 			page 1


   1              		.cpu cortex-m4
   2              		.eabi_attribute 27, 1
   3              		.eabi_attribute 28, 1
   4              		.eabi_attribute 20, 1
   5              		.eabi_attribute 21, 1
   6              		.eabi_attribute 23, 3
   7              		.eabi_attribute 24, 1
   8              		.eabi_attribute 25, 1
   9              		.eabi_attribute 26, 1
  10              		.eabi_attribute 30, 1
  11              		.eabi_attribute 34, 1
  12              		.eabi_attribute 18, 4
  13              		.file	"usbd_desc.c"
  14              		.text
  15              	.Ltext0:
  16              		.cfi_sections	.debug_frame
  17              		.section	.text.USBD_FS_DeviceDescriptor,"ax",%progbits
  18              		.align	1
  19              		.global	USBD_FS_DeviceDescriptor
  20              		.arch armv7e-m
  21              		.syntax unified
  22              		.thumb
  23              		.thumb_func
  24              		.fpu fpv4-sp-d16
  26              	USBD_FS_DeviceDescriptor:
  27              	.LVL0:
  28              	.LFB136:
  29              		.file 1 "USB_DEVICE/App/usbd_desc.c"
   1:USB_DEVICE/App/usbd_desc.c **** /* USER CODE BEGIN Header */
   2:USB_DEVICE/App/usbd_desc.c **** /**
   3:USB_DEVICE/App/usbd_desc.c ****   ******************************************************************************
   4:USB_DEVICE/App/usbd_desc.c ****   * @file           : App/usbd_desc.c
   5:USB_DEVICE/App/usbd_desc.c ****   * @version        : v2.0_Cube
   6:USB_DEVICE/App/usbd_desc.c ****   * @brief          : This file implements the USB device descriptors.
   7:USB_DEVICE/App/usbd_desc.c ****   ******************************************************************************
   8:USB_DEVICE/App/usbd_desc.c ****   * @attention
   9:USB_DEVICE/App/usbd_desc.c ****   *
  10:USB_DEVICE/App/usbd_desc.c ****   * Copyright (c) 2022 STMicroelectronics.
  11:USB_DEVICE/App/usbd_desc.c ****   * All rights reserved.
  12:USB_DEVICE/App/usbd_desc.c ****   *
  13:USB_DEVICE/App/usbd_desc.c ****   * This software is licensed under terms that can be found in the LICENSE file
  14:USB_DEVICE/App/usbd_desc.c ****   * in the root directory of this software component.
  15:USB_DEVICE/App/usbd_desc.c ****   * If no LICENSE file comes with this software, it is provided AS-IS.
  16:USB_DEVICE/App/usbd_desc.c ****   *
  17:USB_DEVICE/App/usbd_desc.c ****   ******************************************************************************
  18:USB_DEVICE/App/usbd_desc.c ****   */
  19:USB_DEVICE/App/usbd_desc.c **** /* USER CODE END Header */
  20:USB_DEVICE/App/usbd_desc.c **** 
  21:USB_DEVICE/App/usbd_desc.c **** /* Includes ------------------------------------------------------------------*/
  22:USB_DEVICE/App/usbd_desc.c **** #include "usbd_core.h"
  23:USB_DEVICE/App/usbd_desc.c **** #include "usbd_desc.h"
  24:USB_DEVICE/App/usbd_desc.c **** #include "usbd_conf.h"
  25:USB_DEVICE/App/usbd_desc.c **** 
  26:USB_DEVICE/App/usbd_desc.c **** /* USER CODE BEGIN INCLUDE */
  27:USB_DEVICE/App/usbd_desc.c **** 
  28:USB_DEVICE/App/usbd_desc.c **** /* USER CODE END INCLUDE */
  29:USB_DEVICE/App/usbd_desc.c **** 
ARM GAS  C:\Users\Admin\AppData\Local\Temp\cc8nOyxf.s 			page 2


  30:USB_DEVICE/App/usbd_desc.c **** /* Private typedef -----------------------------------------------------------*/
  31:USB_DEVICE/App/usbd_desc.c **** /* Private define ------------------------------------------------------------*/
  32:USB_DEVICE/App/usbd_desc.c **** /* Private macro -------------------------------------------------------------*/
  33:USB_DEVICE/App/usbd_desc.c **** 
  34:USB_DEVICE/App/usbd_desc.c **** /* USER CODE BEGIN PV */
  35:USB_DEVICE/App/usbd_desc.c **** /* Private variables ---------------------------------------------------------*/
  36:USB_DEVICE/App/usbd_desc.c **** 
  37:USB_DEVICE/App/usbd_desc.c **** /* USER CODE END PV */
  38:USB_DEVICE/App/usbd_desc.c **** 
  39:USB_DEVICE/App/usbd_desc.c **** /** @addtogroup STM32_USB_OTG_DEVICE_LIBRARY
  40:USB_DEVICE/App/usbd_desc.c ****   * @{
  41:USB_DEVICE/App/usbd_desc.c ****   */
  42:USB_DEVICE/App/usbd_desc.c **** 
  43:USB_DEVICE/App/usbd_desc.c **** /** @addtogroup USBD_DESC
  44:USB_DEVICE/App/usbd_desc.c ****   * @{
  45:USB_DEVICE/App/usbd_desc.c ****   */
  46:USB_DEVICE/App/usbd_desc.c **** 
  47:USB_DEVICE/App/usbd_desc.c **** /** @defgroup USBD_DESC_Private_TypesDefinitions USBD_DESC_Private_TypesDefinitions
  48:USB_DEVICE/App/usbd_desc.c ****   * @brief Private types.
  49:USB_DEVICE/App/usbd_desc.c ****   * @{
  50:USB_DEVICE/App/usbd_desc.c ****   */
  51:USB_DEVICE/App/usbd_desc.c **** 
  52:USB_DEVICE/App/usbd_desc.c **** /* USER CODE BEGIN PRIVATE_TYPES */
  53:USB_DEVICE/App/usbd_desc.c **** 
  54:USB_DEVICE/App/usbd_desc.c **** /* USER CODE END PRIVATE_TYPES */
  55:USB_DEVICE/App/usbd_desc.c **** 
  56:USB_DEVICE/App/usbd_desc.c **** /**
  57:USB_DEVICE/App/usbd_desc.c ****   * @}
  58:USB_DEVICE/App/usbd_desc.c ****   */
  59:USB_DEVICE/App/usbd_desc.c **** 
  60:USB_DEVICE/App/usbd_desc.c **** /** @defgroup USBD_DESC_Private_Defines USBD_DESC_Private_Defines
  61:USB_DEVICE/App/usbd_desc.c ****   * @brief Private defines.
  62:USB_DEVICE/App/usbd_desc.c ****   * @{
  63:USB_DEVICE/App/usbd_desc.c ****   */
  64:USB_DEVICE/App/usbd_desc.c **** 
  65:USB_DEVICE/App/usbd_desc.c **** #define USBD_VID     1155
  66:USB_DEVICE/App/usbd_desc.c **** #define USBD_LANGID_STRING     1033
  67:USB_DEVICE/App/usbd_desc.c **** #define USBD_MANUFACTURER_STRING     "STMicroelectronics"
  68:USB_DEVICE/App/usbd_desc.c **** #define USBD_PID_FS     22314
  69:USB_DEVICE/App/usbd_desc.c **** #define USBD_PRODUCT_STRING_FS     "STM32 Mass Storage"
  70:USB_DEVICE/App/usbd_desc.c **** #define USBD_CONFIGURATION_STRING_FS     "MSC Config"
  71:USB_DEVICE/App/usbd_desc.c **** #define USBD_INTERFACE_STRING_FS     "MSC Interface"
  72:USB_DEVICE/App/usbd_desc.c **** 
  73:USB_DEVICE/App/usbd_desc.c **** #define USB_SIZ_BOS_DESC            0x0C
  74:USB_DEVICE/App/usbd_desc.c **** 
  75:USB_DEVICE/App/usbd_desc.c **** /* USER CODE BEGIN PRIVATE_DEFINES */
  76:USB_DEVICE/App/usbd_desc.c **** 
  77:USB_DEVICE/App/usbd_desc.c **** /* USER CODE END PRIVATE_DEFINES */
  78:USB_DEVICE/App/usbd_desc.c **** 
  79:USB_DEVICE/App/usbd_desc.c **** /**
  80:USB_DEVICE/App/usbd_desc.c ****   * @}
  81:USB_DEVICE/App/usbd_desc.c ****   */
  82:USB_DEVICE/App/usbd_desc.c **** 
  83:USB_DEVICE/App/usbd_desc.c **** /* USER CODE BEGIN 0 */
  84:USB_DEVICE/App/usbd_desc.c **** 
  85:USB_DEVICE/App/usbd_desc.c **** /* USER CODE END 0 */
  86:USB_DEVICE/App/usbd_desc.c **** 
ARM GAS  C:\Users\Admin\AppData\Local\Temp\cc8nOyxf.s 			page 3


  87:USB_DEVICE/App/usbd_desc.c **** /** @defgroup USBD_DESC_Private_Macros USBD_DESC_Private_Macros
  88:USB_DEVICE/App/usbd_desc.c ****   * @brief Private macros.
  89:USB_DEVICE/App/usbd_desc.c ****   * @{
  90:USB_DEVICE/App/usbd_desc.c ****   */
  91:USB_DEVICE/App/usbd_desc.c **** 
  92:USB_DEVICE/App/usbd_desc.c **** /* USER CODE BEGIN PRIVATE_MACRO */
  93:USB_DEVICE/App/usbd_desc.c **** 
  94:USB_DEVICE/App/usbd_desc.c **** /* USER CODE END PRIVATE_MACRO */
  95:USB_DEVICE/App/usbd_desc.c **** 
  96:USB_DEVICE/App/usbd_desc.c **** /**
  97:USB_DEVICE/App/usbd_desc.c ****   * @}
  98:USB_DEVICE/App/usbd_desc.c ****   */
  99:USB_DEVICE/App/usbd_desc.c **** 
 100:USB_DEVICE/App/usbd_desc.c **** /** @defgroup USBD_DESC_Private_FunctionPrototypes USBD_DESC_Private_FunctionPrototypes
 101:USB_DEVICE/App/usbd_desc.c ****   * @brief Private functions declaration.
 102:USB_DEVICE/App/usbd_desc.c ****   * @{
 103:USB_DEVICE/App/usbd_desc.c ****   */
 104:USB_DEVICE/App/usbd_desc.c **** 
 105:USB_DEVICE/App/usbd_desc.c **** static void Get_SerialNum(void);
 106:USB_DEVICE/App/usbd_desc.c **** static void IntToUnicode(uint32_t value, uint8_t * pbuf, uint8_t len);
 107:USB_DEVICE/App/usbd_desc.c **** 
 108:USB_DEVICE/App/usbd_desc.c **** /**
 109:USB_DEVICE/App/usbd_desc.c ****   * @}
 110:USB_DEVICE/App/usbd_desc.c ****   */
 111:USB_DEVICE/App/usbd_desc.c **** 
 112:USB_DEVICE/App/usbd_desc.c **** /** @defgroup USBD_DESC_Private_FunctionPrototypes USBD_DESC_Private_FunctionPrototypes
 113:USB_DEVICE/App/usbd_desc.c ****   * @brief Private functions declaration for FS.
 114:USB_DEVICE/App/usbd_desc.c ****   * @{
 115:USB_DEVICE/App/usbd_desc.c ****   */
 116:USB_DEVICE/App/usbd_desc.c **** 
 117:USB_DEVICE/App/usbd_desc.c **** uint8_t * USBD_FS_DeviceDescriptor(USBD_SpeedTypeDef speed, uint16_t *length);
 118:USB_DEVICE/App/usbd_desc.c **** uint8_t * USBD_FS_LangIDStrDescriptor(USBD_SpeedTypeDef speed, uint16_t *length);
 119:USB_DEVICE/App/usbd_desc.c **** uint8_t * USBD_FS_ManufacturerStrDescriptor(USBD_SpeedTypeDef speed, uint16_t *length);
 120:USB_DEVICE/App/usbd_desc.c **** uint8_t * USBD_FS_ProductStrDescriptor(USBD_SpeedTypeDef speed, uint16_t *length);
 121:USB_DEVICE/App/usbd_desc.c **** uint8_t * USBD_FS_SerialStrDescriptor(USBD_SpeedTypeDef speed, uint16_t *length);
 122:USB_DEVICE/App/usbd_desc.c **** uint8_t * USBD_FS_ConfigStrDescriptor(USBD_SpeedTypeDef speed, uint16_t *length);
 123:USB_DEVICE/App/usbd_desc.c **** uint8_t * USBD_FS_InterfaceStrDescriptor(USBD_SpeedTypeDef speed, uint16_t *length);
 124:USB_DEVICE/App/usbd_desc.c **** #if (USBD_LPM_ENABLED == 1)
 125:USB_DEVICE/App/usbd_desc.c **** uint8_t * USBD_FS_USR_BOSDescriptor(USBD_SpeedTypeDef speed, uint16_t *length);
 126:USB_DEVICE/App/usbd_desc.c **** #endif /* (USBD_LPM_ENABLED == 1) */
 127:USB_DEVICE/App/usbd_desc.c **** 
 128:USB_DEVICE/App/usbd_desc.c **** /**
 129:USB_DEVICE/App/usbd_desc.c ****   * @}
 130:USB_DEVICE/App/usbd_desc.c ****   */
 131:USB_DEVICE/App/usbd_desc.c **** 
 132:USB_DEVICE/App/usbd_desc.c **** /** @defgroup USBD_DESC_Private_Variables USBD_DESC_Private_Variables
 133:USB_DEVICE/App/usbd_desc.c ****   * @brief Private variables.
 134:USB_DEVICE/App/usbd_desc.c ****   * @{
 135:USB_DEVICE/App/usbd_desc.c ****   */
 136:USB_DEVICE/App/usbd_desc.c **** 
 137:USB_DEVICE/App/usbd_desc.c **** USBD_DescriptorsTypeDef FS_Desc =
 138:USB_DEVICE/App/usbd_desc.c **** {
 139:USB_DEVICE/App/usbd_desc.c ****   USBD_FS_DeviceDescriptor
 140:USB_DEVICE/App/usbd_desc.c **** , USBD_FS_LangIDStrDescriptor
 141:USB_DEVICE/App/usbd_desc.c **** , USBD_FS_ManufacturerStrDescriptor
 142:USB_DEVICE/App/usbd_desc.c **** , USBD_FS_ProductStrDescriptor
 143:USB_DEVICE/App/usbd_desc.c **** , USBD_FS_SerialStrDescriptor
ARM GAS  C:\Users\Admin\AppData\Local\Temp\cc8nOyxf.s 			page 4


 144:USB_DEVICE/App/usbd_desc.c **** , USBD_FS_ConfigStrDescriptor
 145:USB_DEVICE/App/usbd_desc.c **** , USBD_FS_InterfaceStrDescriptor
 146:USB_DEVICE/App/usbd_desc.c **** #if (USBD_LPM_ENABLED == 1)
 147:USB_DEVICE/App/usbd_desc.c **** , USBD_FS_USR_BOSDescriptor
 148:USB_DEVICE/App/usbd_desc.c **** #endif /* (USBD_LPM_ENABLED == 1) */
 149:USB_DEVICE/App/usbd_desc.c **** };
 150:USB_DEVICE/App/usbd_desc.c **** 
 151:USB_DEVICE/App/usbd_desc.c **** #if defined ( __ICCARM__ ) /* IAR Compiler */
 152:USB_DEVICE/App/usbd_desc.c ****   #pragma data_alignment=4
 153:USB_DEVICE/App/usbd_desc.c **** #endif /* defined ( __ICCARM__ ) */
 154:USB_DEVICE/App/usbd_desc.c **** /** USB standard device descriptor. */
 155:USB_DEVICE/App/usbd_desc.c **** __ALIGN_BEGIN uint8_t USBD_FS_DeviceDesc[USB_LEN_DEV_DESC] __ALIGN_END =
 156:USB_DEVICE/App/usbd_desc.c **** {
 157:USB_DEVICE/App/usbd_desc.c ****   0x12,                       /*bLength */
 158:USB_DEVICE/App/usbd_desc.c ****   USB_DESC_TYPE_DEVICE,       /*bDescriptorType*/
 159:USB_DEVICE/App/usbd_desc.c **** #if (USBD_LPM_ENABLED == 1)
 160:USB_DEVICE/App/usbd_desc.c ****   0x01,                       /*bcdUSB */ /* changed to USB version 2.01
 161:USB_DEVICE/App/usbd_desc.c ****                                              in order to support LPM L1 suspend
 162:USB_DEVICE/App/usbd_desc.c ****                                              resume test of USBCV3.0*/
 163:USB_DEVICE/App/usbd_desc.c **** #else
 164:USB_DEVICE/App/usbd_desc.c ****   0x00,                       /*bcdUSB */
 165:USB_DEVICE/App/usbd_desc.c **** #endif /* (USBD_LPM_ENABLED == 1) */
 166:USB_DEVICE/App/usbd_desc.c ****   0x02,
 167:USB_DEVICE/App/usbd_desc.c ****   0x00,                       /*bDeviceClass*/
 168:USB_DEVICE/App/usbd_desc.c ****   0x00,                       /*bDeviceSubClass*/
 169:USB_DEVICE/App/usbd_desc.c ****   0x00,                       /*bDeviceProtocol*/
 170:USB_DEVICE/App/usbd_desc.c ****   USB_MAX_EP0_SIZE,           /*bMaxPacketSize*/
 171:USB_DEVICE/App/usbd_desc.c ****   LOBYTE(USBD_VID),           /*idVendor*/
 172:USB_DEVICE/App/usbd_desc.c ****   HIBYTE(USBD_VID),           /*idVendor*/
 173:USB_DEVICE/App/usbd_desc.c ****   LOBYTE(USBD_PID_FS),        /*idProduct*/
 174:USB_DEVICE/App/usbd_desc.c ****   HIBYTE(USBD_PID_FS),        /*idProduct*/
 175:USB_DEVICE/App/usbd_desc.c ****   0x00,                       /*bcdDevice rel. 2.00*/
 176:USB_DEVICE/App/usbd_desc.c ****   0x02,
 177:USB_DEVICE/App/usbd_desc.c ****   USBD_IDX_MFC_STR,           /*Index of manufacturer  string*/
 178:USB_DEVICE/App/usbd_desc.c ****   USBD_IDX_PRODUCT_STR,       /*Index of product string*/
 179:USB_DEVICE/App/usbd_desc.c ****   USBD_IDX_SERIAL_STR,        /*Index of serial number string*/
 180:USB_DEVICE/App/usbd_desc.c ****   USBD_MAX_NUM_CONFIGURATION  /*bNumConfigurations*/
 181:USB_DEVICE/App/usbd_desc.c **** };
 182:USB_DEVICE/App/usbd_desc.c **** 
 183:USB_DEVICE/App/usbd_desc.c **** /* USB_DeviceDescriptor */
 184:USB_DEVICE/App/usbd_desc.c **** /** BOS descriptor. */
 185:USB_DEVICE/App/usbd_desc.c **** #if (USBD_LPM_ENABLED == 1)
 186:USB_DEVICE/App/usbd_desc.c **** #if defined ( __ICCARM__ ) /* IAR Compiler */
 187:USB_DEVICE/App/usbd_desc.c ****   #pragma data_alignment=4
 188:USB_DEVICE/App/usbd_desc.c **** #endif /* defined ( __ICCARM__ ) */
 189:USB_DEVICE/App/usbd_desc.c **** __ALIGN_BEGIN uint8_t USBD_FS_BOSDesc[USB_SIZ_BOS_DESC] __ALIGN_END =
 190:USB_DEVICE/App/usbd_desc.c **** {
 191:USB_DEVICE/App/usbd_desc.c ****   0x5,
 192:USB_DEVICE/App/usbd_desc.c ****   USB_DESC_TYPE_BOS,
 193:USB_DEVICE/App/usbd_desc.c ****   0xC,
 194:USB_DEVICE/App/usbd_desc.c ****   0x0,
 195:USB_DEVICE/App/usbd_desc.c ****   0x1,  /* 1 device capability*/
 196:USB_DEVICE/App/usbd_desc.c ****         /* device capability*/
 197:USB_DEVICE/App/usbd_desc.c ****   0x7,
 198:USB_DEVICE/App/usbd_desc.c ****   USB_DEVICE_CAPABITY_TYPE,
 199:USB_DEVICE/App/usbd_desc.c ****   0x2,
 200:USB_DEVICE/App/usbd_desc.c ****   0x2,  /* LPM capability bit set*/
ARM GAS  C:\Users\Admin\AppData\Local\Temp\cc8nOyxf.s 			page 5


 201:USB_DEVICE/App/usbd_desc.c ****   0x0,
 202:USB_DEVICE/App/usbd_desc.c ****   0x0,
 203:USB_DEVICE/App/usbd_desc.c ****   0x0
 204:USB_DEVICE/App/usbd_desc.c **** };
 205:USB_DEVICE/App/usbd_desc.c **** #endif /* (USBD_LPM_ENABLED == 1) */
 206:USB_DEVICE/App/usbd_desc.c **** 
 207:USB_DEVICE/App/usbd_desc.c **** /**
 208:USB_DEVICE/App/usbd_desc.c ****   * @}
 209:USB_DEVICE/App/usbd_desc.c ****   */
 210:USB_DEVICE/App/usbd_desc.c **** 
 211:USB_DEVICE/App/usbd_desc.c **** /** @defgroup USBD_DESC_Private_Variables USBD_DESC_Private_Variables
 212:USB_DEVICE/App/usbd_desc.c ****   * @brief Private variables.
 213:USB_DEVICE/App/usbd_desc.c ****   * @{
 214:USB_DEVICE/App/usbd_desc.c ****   */
 215:USB_DEVICE/App/usbd_desc.c **** 
 216:USB_DEVICE/App/usbd_desc.c **** #if defined ( __ICCARM__ ) /* IAR Compiler */
 217:USB_DEVICE/App/usbd_desc.c ****   #pragma data_alignment=4
 218:USB_DEVICE/App/usbd_desc.c **** #endif /* defined ( __ICCARM__ ) */
 219:USB_DEVICE/App/usbd_desc.c **** 
 220:USB_DEVICE/App/usbd_desc.c **** /** USB lang identifier descriptor. */
 221:USB_DEVICE/App/usbd_desc.c **** __ALIGN_BEGIN uint8_t USBD_LangIDDesc[USB_LEN_LANGID_STR_DESC] __ALIGN_END =
 222:USB_DEVICE/App/usbd_desc.c **** {
 223:USB_DEVICE/App/usbd_desc.c ****      USB_LEN_LANGID_STR_DESC,
 224:USB_DEVICE/App/usbd_desc.c ****      USB_DESC_TYPE_STRING,
 225:USB_DEVICE/App/usbd_desc.c ****      LOBYTE(USBD_LANGID_STRING),
 226:USB_DEVICE/App/usbd_desc.c ****      HIBYTE(USBD_LANGID_STRING)
 227:USB_DEVICE/App/usbd_desc.c **** };
 228:USB_DEVICE/App/usbd_desc.c **** 
 229:USB_DEVICE/App/usbd_desc.c **** #if defined ( __ICCARM__ ) /* IAR Compiler */
 230:USB_DEVICE/App/usbd_desc.c ****   #pragma data_alignment=4
 231:USB_DEVICE/App/usbd_desc.c **** #endif /* defined ( __ICCARM__ ) */
 232:USB_DEVICE/App/usbd_desc.c **** /* Internal string descriptor. */
 233:USB_DEVICE/App/usbd_desc.c **** __ALIGN_BEGIN uint8_t USBD_StrDesc[USBD_MAX_STR_DESC_SIZ] __ALIGN_END;
 234:USB_DEVICE/App/usbd_desc.c **** 
 235:USB_DEVICE/App/usbd_desc.c **** #if defined ( __ICCARM__ ) /*!< IAR Compiler */
 236:USB_DEVICE/App/usbd_desc.c ****   #pragma data_alignment=4
 237:USB_DEVICE/App/usbd_desc.c **** #endif
 238:USB_DEVICE/App/usbd_desc.c **** __ALIGN_BEGIN uint8_t USBD_StringSerial[USB_SIZ_STRING_SERIAL] __ALIGN_END = {
 239:USB_DEVICE/App/usbd_desc.c ****   USB_SIZ_STRING_SERIAL,
 240:USB_DEVICE/App/usbd_desc.c ****   USB_DESC_TYPE_STRING,
 241:USB_DEVICE/App/usbd_desc.c **** };
 242:USB_DEVICE/App/usbd_desc.c **** 
 243:USB_DEVICE/App/usbd_desc.c **** /**
 244:USB_DEVICE/App/usbd_desc.c ****   * @}
 245:USB_DEVICE/App/usbd_desc.c ****   */
 246:USB_DEVICE/App/usbd_desc.c **** 
 247:USB_DEVICE/App/usbd_desc.c **** /** @defgroup USBD_DESC_Private_Functions USBD_DESC_Private_Functions
 248:USB_DEVICE/App/usbd_desc.c ****   * @brief Private functions.
 249:USB_DEVICE/App/usbd_desc.c ****   * @{
 250:USB_DEVICE/App/usbd_desc.c ****   */
 251:USB_DEVICE/App/usbd_desc.c **** 
 252:USB_DEVICE/App/usbd_desc.c **** /**
 253:USB_DEVICE/App/usbd_desc.c ****   * @brief  Return the device descriptor
 254:USB_DEVICE/App/usbd_desc.c ****   * @param  speed : Current device speed
 255:USB_DEVICE/App/usbd_desc.c ****   * @param  length : Pointer to data length variable
 256:USB_DEVICE/App/usbd_desc.c ****   * @retval Pointer to descriptor buffer
 257:USB_DEVICE/App/usbd_desc.c ****   */
ARM GAS  C:\Users\Admin\AppData\Local\Temp\cc8nOyxf.s 			page 6


 258:USB_DEVICE/App/usbd_desc.c **** uint8_t * USBD_FS_DeviceDescriptor(USBD_SpeedTypeDef speed, uint16_t *length)
 259:USB_DEVICE/App/usbd_desc.c **** {
  30              		.loc 1 259 1 view -0
  31              		.cfi_startproc
  32              		@ args = 0, pretend = 0, frame = 0
  33              		@ frame_needed = 0, uses_anonymous_args = 0
  34              		@ link register save eliminated.
 260:USB_DEVICE/App/usbd_desc.c ****   UNUSED(speed);
  35              		.loc 1 260 3 view .LVU1
 261:USB_DEVICE/App/usbd_desc.c ****   *length = sizeof(USBD_FS_DeviceDesc);
  36              		.loc 1 261 3 view .LVU2
  37              		.loc 1 261 11 is_stmt 0 view .LVU3
  38 0000 1223     		movs	r3, #18
  39 0002 0B80     		strh	r3, [r1]	@ movhi
 262:USB_DEVICE/App/usbd_desc.c ****   return USBD_FS_DeviceDesc;
  40              		.loc 1 262 3 is_stmt 1 view .LVU4
 263:USB_DEVICE/App/usbd_desc.c **** }
  41              		.loc 1 263 1 is_stmt 0 view .LVU5
  42 0004 0048     		ldr	r0, .L2
  43              	.LVL1:
  44              		.loc 1 263 1 view .LVU6
  45 0006 7047     		bx	lr
  46              	.L3:
  47              		.align	2
  48              	.L2:
  49 0008 00000000 		.word	.LANCHOR0
  50              		.cfi_endproc
  51              	.LFE136:
  53              		.section	.text.USBD_FS_LangIDStrDescriptor,"ax",%progbits
  54              		.align	1
  55              		.global	USBD_FS_LangIDStrDescriptor
  56              		.syntax unified
  57              		.thumb
  58              		.thumb_func
  59              		.fpu fpv4-sp-d16
  61              	USBD_FS_LangIDStrDescriptor:
  62              	.LVL2:
  63              	.LFB137:
 264:USB_DEVICE/App/usbd_desc.c **** 
 265:USB_DEVICE/App/usbd_desc.c **** /**
 266:USB_DEVICE/App/usbd_desc.c ****   * @brief  Return the LangID string descriptor
 267:USB_DEVICE/App/usbd_desc.c ****   * @param  speed : Current device speed
 268:USB_DEVICE/App/usbd_desc.c ****   * @param  length : Pointer to data length variable
 269:USB_DEVICE/App/usbd_desc.c ****   * @retval Pointer to descriptor buffer
 270:USB_DEVICE/App/usbd_desc.c ****   */
 271:USB_DEVICE/App/usbd_desc.c **** uint8_t * USBD_FS_LangIDStrDescriptor(USBD_SpeedTypeDef speed, uint16_t *length)
 272:USB_DEVICE/App/usbd_desc.c **** {
  64              		.loc 1 272 1 is_stmt 1 view -0
  65              		.cfi_startproc
  66              		@ args = 0, pretend = 0, frame = 0
  67              		@ frame_needed = 0, uses_anonymous_args = 0
  68              		@ link register save eliminated.
 273:USB_DEVICE/App/usbd_desc.c ****   UNUSED(speed);
  69              		.loc 1 273 3 view .LVU8
 274:USB_DEVICE/App/usbd_desc.c ****   *length = sizeof(USBD_LangIDDesc);
  70              		.loc 1 274 3 view .LVU9
  71              		.loc 1 274 11 is_stmt 0 view .LVU10
ARM GAS  C:\Users\Admin\AppData\Local\Temp\cc8nOyxf.s 			page 7


  72 0000 0423     		movs	r3, #4
  73 0002 0B80     		strh	r3, [r1]	@ movhi
 275:USB_DEVICE/App/usbd_desc.c ****   return USBD_LangIDDesc;
  74              		.loc 1 275 3 is_stmt 1 view .LVU11
 276:USB_DEVICE/App/usbd_desc.c **** }
  75              		.loc 1 276 1 is_stmt 0 view .LVU12
  76 0004 0048     		ldr	r0, .L5
  77              	.LVL3:
  78              		.loc 1 276 1 view .LVU13
  79 0006 7047     		bx	lr
  80              	.L6:
  81              		.align	2
  82              	.L5:
  83 0008 00000000 		.word	.LANCHOR1
  84              		.cfi_endproc
  85              	.LFE137:
  87              		.section	.text.USBD_FS_USR_BOSDescriptor,"ax",%progbits
  88              		.align	1
  89              		.global	USBD_FS_USR_BOSDescriptor
  90              		.syntax unified
  91              		.thumb
  92              		.thumb_func
  93              		.fpu fpv4-sp-d16
  95              	USBD_FS_USR_BOSDescriptor:
  96              	.LVL4:
  97              	.LFB143:
 277:USB_DEVICE/App/usbd_desc.c **** 
 278:USB_DEVICE/App/usbd_desc.c **** /**
 279:USB_DEVICE/App/usbd_desc.c ****   * @brief  Return the product string descriptor
 280:USB_DEVICE/App/usbd_desc.c ****   * @param  speed : Current device speed
 281:USB_DEVICE/App/usbd_desc.c ****   * @param  length : Pointer to data length variable
 282:USB_DEVICE/App/usbd_desc.c ****   * @retval Pointer to descriptor buffer
 283:USB_DEVICE/App/usbd_desc.c ****   */
 284:USB_DEVICE/App/usbd_desc.c **** uint8_t * USBD_FS_ProductStrDescriptor(USBD_SpeedTypeDef speed, uint16_t *length)
 285:USB_DEVICE/App/usbd_desc.c **** {
 286:USB_DEVICE/App/usbd_desc.c ****   if(speed == 0)
 287:USB_DEVICE/App/usbd_desc.c ****   {
 288:USB_DEVICE/App/usbd_desc.c ****     USBD_GetString((uint8_t *)USBD_PRODUCT_STRING_FS, USBD_StrDesc, length);
 289:USB_DEVICE/App/usbd_desc.c ****   }
 290:USB_DEVICE/App/usbd_desc.c ****   else
 291:USB_DEVICE/App/usbd_desc.c ****   {
 292:USB_DEVICE/App/usbd_desc.c ****     USBD_GetString((uint8_t *)USBD_PRODUCT_STRING_FS, USBD_StrDesc, length);
 293:USB_DEVICE/App/usbd_desc.c ****   }
 294:USB_DEVICE/App/usbd_desc.c ****   return USBD_StrDesc;
 295:USB_DEVICE/App/usbd_desc.c **** }
 296:USB_DEVICE/App/usbd_desc.c **** 
 297:USB_DEVICE/App/usbd_desc.c **** /**
 298:USB_DEVICE/App/usbd_desc.c ****   * @brief  Return the manufacturer string descriptor
 299:USB_DEVICE/App/usbd_desc.c ****   * @param  speed : Current device speed
 300:USB_DEVICE/App/usbd_desc.c ****   * @param  length : Pointer to data length variable
 301:USB_DEVICE/App/usbd_desc.c ****   * @retval Pointer to descriptor buffer
 302:USB_DEVICE/App/usbd_desc.c ****   */
 303:USB_DEVICE/App/usbd_desc.c **** uint8_t * USBD_FS_ManufacturerStrDescriptor(USBD_SpeedTypeDef speed, uint16_t *length)
 304:USB_DEVICE/App/usbd_desc.c **** {
 305:USB_DEVICE/App/usbd_desc.c ****   UNUSED(speed);
 306:USB_DEVICE/App/usbd_desc.c ****   USBD_GetString((uint8_t *)USBD_MANUFACTURER_STRING, USBD_StrDesc, length);
 307:USB_DEVICE/App/usbd_desc.c ****   return USBD_StrDesc;
ARM GAS  C:\Users\Admin\AppData\Local\Temp\cc8nOyxf.s 			page 8


 308:USB_DEVICE/App/usbd_desc.c **** }
 309:USB_DEVICE/App/usbd_desc.c **** 
 310:USB_DEVICE/App/usbd_desc.c **** /**
 311:USB_DEVICE/App/usbd_desc.c ****   * @brief  Return the serial number string descriptor
 312:USB_DEVICE/App/usbd_desc.c ****   * @param  speed : Current device speed
 313:USB_DEVICE/App/usbd_desc.c ****   * @param  length : Pointer to data length variable
 314:USB_DEVICE/App/usbd_desc.c ****   * @retval Pointer to descriptor buffer
 315:USB_DEVICE/App/usbd_desc.c ****   */
 316:USB_DEVICE/App/usbd_desc.c **** uint8_t * USBD_FS_SerialStrDescriptor(USBD_SpeedTypeDef speed, uint16_t *length)
 317:USB_DEVICE/App/usbd_desc.c **** {
 318:USB_DEVICE/App/usbd_desc.c ****   UNUSED(speed);
 319:USB_DEVICE/App/usbd_desc.c ****   *length = USB_SIZ_STRING_SERIAL;
 320:USB_DEVICE/App/usbd_desc.c **** 
 321:USB_DEVICE/App/usbd_desc.c ****   /* Update the serial number string descriptor with the data from the unique
 322:USB_DEVICE/App/usbd_desc.c ****    * ID */
 323:USB_DEVICE/App/usbd_desc.c ****   Get_SerialNum();
 324:USB_DEVICE/App/usbd_desc.c ****   /* USER CODE BEGIN USBD_FS_SerialStrDescriptor */
 325:USB_DEVICE/App/usbd_desc.c **** 
 326:USB_DEVICE/App/usbd_desc.c ****   /* USER CODE END USBD_FS_SerialStrDescriptor */
 327:USB_DEVICE/App/usbd_desc.c ****   return (uint8_t *) USBD_StringSerial;
 328:USB_DEVICE/App/usbd_desc.c **** }
 329:USB_DEVICE/App/usbd_desc.c **** 
 330:USB_DEVICE/App/usbd_desc.c **** /**
 331:USB_DEVICE/App/usbd_desc.c ****   * @brief  Return the configuration string descriptor
 332:USB_DEVICE/App/usbd_desc.c ****   * @param  speed : Current device speed
 333:USB_DEVICE/App/usbd_desc.c ****   * @param  length : Pointer to data length variable
 334:USB_DEVICE/App/usbd_desc.c ****   * @retval Pointer to descriptor buffer
 335:USB_DEVICE/App/usbd_desc.c ****   */
 336:USB_DEVICE/App/usbd_desc.c **** uint8_t * USBD_FS_ConfigStrDescriptor(USBD_SpeedTypeDef speed, uint16_t *length)
 337:USB_DEVICE/App/usbd_desc.c **** {
 338:USB_DEVICE/App/usbd_desc.c ****   if(speed == USBD_SPEED_HIGH)
 339:USB_DEVICE/App/usbd_desc.c ****   {
 340:USB_DEVICE/App/usbd_desc.c ****     USBD_GetString((uint8_t *)USBD_CONFIGURATION_STRING_FS, USBD_StrDesc, length);
 341:USB_DEVICE/App/usbd_desc.c ****   }
 342:USB_DEVICE/App/usbd_desc.c ****   else
 343:USB_DEVICE/App/usbd_desc.c ****   {
 344:USB_DEVICE/App/usbd_desc.c ****     USBD_GetString((uint8_t *)USBD_CONFIGURATION_STRING_FS, USBD_StrDesc, length);
 345:USB_DEVICE/App/usbd_desc.c ****   }
 346:USB_DEVICE/App/usbd_desc.c ****   return USBD_StrDesc;
 347:USB_DEVICE/App/usbd_desc.c **** }
 348:USB_DEVICE/App/usbd_desc.c **** 
 349:USB_DEVICE/App/usbd_desc.c **** /**
 350:USB_DEVICE/App/usbd_desc.c ****   * @brief  Return the interface string descriptor
 351:USB_DEVICE/App/usbd_desc.c ****   * @param  speed : Current device speed
 352:USB_DEVICE/App/usbd_desc.c ****   * @param  length : Pointer to data length variable
 353:USB_DEVICE/App/usbd_desc.c ****   * @retval Pointer to descriptor buffer
 354:USB_DEVICE/App/usbd_desc.c ****   */
 355:USB_DEVICE/App/usbd_desc.c **** uint8_t * USBD_FS_InterfaceStrDescriptor(USBD_SpeedTypeDef speed, uint16_t *length)
 356:USB_DEVICE/App/usbd_desc.c **** {
 357:USB_DEVICE/App/usbd_desc.c ****   if(speed == 0)
 358:USB_DEVICE/App/usbd_desc.c ****   {
 359:USB_DEVICE/App/usbd_desc.c ****     USBD_GetString((uint8_t *)USBD_INTERFACE_STRING_FS, USBD_StrDesc, length);
 360:USB_DEVICE/App/usbd_desc.c ****   }
 361:USB_DEVICE/App/usbd_desc.c ****   else
 362:USB_DEVICE/App/usbd_desc.c ****   {
 363:USB_DEVICE/App/usbd_desc.c ****     USBD_GetString((uint8_t *)USBD_INTERFACE_STRING_FS, USBD_StrDesc, length);
 364:USB_DEVICE/App/usbd_desc.c ****   }
ARM GAS  C:\Users\Admin\AppData\Local\Temp\cc8nOyxf.s 			page 9


 365:USB_DEVICE/App/usbd_desc.c ****   return USBD_StrDesc;
 366:USB_DEVICE/App/usbd_desc.c **** }
 367:USB_DEVICE/App/usbd_desc.c **** 
 368:USB_DEVICE/App/usbd_desc.c **** #if (USBD_LPM_ENABLED == 1)
 369:USB_DEVICE/App/usbd_desc.c **** /**
 370:USB_DEVICE/App/usbd_desc.c ****   * @brief  Return the BOS descriptor
 371:USB_DEVICE/App/usbd_desc.c ****   * @param  speed : Current device speed
 372:USB_DEVICE/App/usbd_desc.c ****   * @param  length : Pointer to data length variable
 373:USB_DEVICE/App/usbd_desc.c ****   * @retval Pointer to descriptor buffer
 374:USB_DEVICE/App/usbd_desc.c ****   */
 375:USB_DEVICE/App/usbd_desc.c **** uint8_t * USBD_FS_USR_BOSDescriptor(USBD_SpeedTypeDef speed, uint16_t *length)
 376:USB_DEVICE/App/usbd_desc.c **** {
  98              		.loc 1 376 1 is_stmt 1 view -0
  99              		.cfi_startproc
 100              		@ args = 0, pretend = 0, frame = 0
 101              		@ frame_needed = 0, uses_anonymous_args = 0
 102              		@ link register save eliminated.
 377:USB_DEVICE/App/usbd_desc.c ****   UNUSED(speed);
 103              		.loc 1 377 3 view .LVU15
 378:USB_DEVICE/App/usbd_desc.c ****   *length = sizeof(USBD_FS_BOSDesc);
 104              		.loc 1 378 3 view .LVU16
 105              		.loc 1 378 11 is_stmt 0 view .LVU17
 106 0000 0C23     		movs	r3, #12
 107 0002 0B80     		strh	r3, [r1]	@ movhi
 379:USB_DEVICE/App/usbd_desc.c ****   return (uint8_t*)USBD_FS_BOSDesc;
 108              		.loc 1 379 3 is_stmt 1 view .LVU18
 380:USB_DEVICE/App/usbd_desc.c **** }
 109              		.loc 1 380 1 is_stmt 0 view .LVU19
 110 0004 0048     		ldr	r0, .L8
 111              	.LVL5:
 112              		.loc 1 380 1 view .LVU20
 113 0006 7047     		bx	lr
 114              	.L9:
 115              		.align	2
 116              	.L8:
 117 0008 00000000 		.word	.LANCHOR2
 118              		.cfi_endproc
 119              	.LFE143:
 121              		.section	.text.IntToUnicode,"ax",%progbits
 122              		.align	1
 123              		.syntax unified
 124              		.thumb
 125              		.thumb_func
 126              		.fpu fpv4-sp-d16
 128              	IntToUnicode:
 129              	.LVL6:
 130              	.LFB145:
 381:USB_DEVICE/App/usbd_desc.c **** #endif /* (USBD_LPM_ENABLED == 1) */
 382:USB_DEVICE/App/usbd_desc.c **** 
 383:USB_DEVICE/App/usbd_desc.c **** /**
 384:USB_DEVICE/App/usbd_desc.c ****   * @brief  Create the serial number string descriptor
 385:USB_DEVICE/App/usbd_desc.c ****   * @param  None
 386:USB_DEVICE/App/usbd_desc.c ****   * @retval None
 387:USB_DEVICE/App/usbd_desc.c ****   */
 388:USB_DEVICE/App/usbd_desc.c **** static void Get_SerialNum(void)
 389:USB_DEVICE/App/usbd_desc.c **** {
 390:USB_DEVICE/App/usbd_desc.c ****   uint32_t deviceserial0, deviceserial1, deviceserial2;
ARM GAS  C:\Users\Admin\AppData\Local\Temp\cc8nOyxf.s 			page 10


 391:USB_DEVICE/App/usbd_desc.c **** 
 392:USB_DEVICE/App/usbd_desc.c ****   deviceserial0 = *(uint32_t *) DEVICE_ID1;
 393:USB_DEVICE/App/usbd_desc.c ****   deviceserial1 = *(uint32_t *) DEVICE_ID2;
 394:USB_DEVICE/App/usbd_desc.c ****   deviceserial2 = *(uint32_t *) DEVICE_ID3;
 395:USB_DEVICE/App/usbd_desc.c **** 
 396:USB_DEVICE/App/usbd_desc.c ****   deviceserial0 += deviceserial2;
 397:USB_DEVICE/App/usbd_desc.c **** 
 398:USB_DEVICE/App/usbd_desc.c ****   if (deviceserial0 != 0)
 399:USB_DEVICE/App/usbd_desc.c ****   {
 400:USB_DEVICE/App/usbd_desc.c ****     IntToUnicode(deviceserial0, &USBD_StringSerial[2], 8);
 401:USB_DEVICE/App/usbd_desc.c ****     IntToUnicode(deviceserial1, &USBD_StringSerial[18], 4);
 402:USB_DEVICE/App/usbd_desc.c ****   }
 403:USB_DEVICE/App/usbd_desc.c **** }
 404:USB_DEVICE/App/usbd_desc.c **** 
 405:USB_DEVICE/App/usbd_desc.c **** /**
 406:USB_DEVICE/App/usbd_desc.c ****   * @brief  Convert Hex 32Bits value into char
 407:USB_DEVICE/App/usbd_desc.c ****   * @param  value: value to convert
 408:USB_DEVICE/App/usbd_desc.c ****   * @param  pbuf: pointer to the buffer
 409:USB_DEVICE/App/usbd_desc.c ****   * @param  len: buffer length
 410:USB_DEVICE/App/usbd_desc.c ****   * @retval None
 411:USB_DEVICE/App/usbd_desc.c ****   */
 412:USB_DEVICE/App/usbd_desc.c **** static void IntToUnicode(uint32_t value, uint8_t * pbuf, uint8_t len)
 413:USB_DEVICE/App/usbd_desc.c **** {
 131              		.loc 1 413 1 is_stmt 1 view -0
 132              		.cfi_startproc
 133              		@ args = 0, pretend = 0, frame = 0
 134              		@ frame_needed = 0, uses_anonymous_args = 0
 135              		@ link register save eliminated.
 414:USB_DEVICE/App/usbd_desc.c ****   uint8_t idx = 0;
 136              		.loc 1 414 3 view .LVU22
 415:USB_DEVICE/App/usbd_desc.c **** 
 416:USB_DEVICE/App/usbd_desc.c ****   for (idx = 0; idx < len; idx++)
 137              		.loc 1 416 3 view .LVU23
 138              		.loc 1 416 12 is_stmt 0 view .LVU24
 139 0000 0023     		movs	r3, #0
 140              	.LVL7:
 141              		.loc 1 416 17 is_stmt 1 view .LVU25
 142              		.loc 1 416 3 is_stmt 0 view .LVU26
 143 0002 9342     		cmp	r3, r2
 144 0004 17D2     		bcs	.L18
 413:USB_DEVICE/App/usbd_desc.c ****   uint8_t idx = 0;
 145              		.loc 1 413 1 view .LVU27
 146 0006 30B4     		push	{r4, r5}
 147              	.LCFI0:
 148              		.cfi_def_cfa_offset 8
 149              		.cfi_offset 4, -8
 150              		.cfi_offset 5, -4
 151 0008 0BE0     		b	.L14
 152              	.L12:
 417:USB_DEVICE/App/usbd_desc.c ****   {
 418:USB_DEVICE/App/usbd_desc.c ****     if (((value >> 28)) < 0xA)
 419:USB_DEVICE/App/usbd_desc.c ****     {
 420:USB_DEVICE/App/usbd_desc.c ****       pbuf[2 * idx] = (value >> 28) + '0';
 421:USB_DEVICE/App/usbd_desc.c ****     }
 422:USB_DEVICE/App/usbd_desc.c ****     else
 423:USB_DEVICE/App/usbd_desc.c ****     {
 424:USB_DEVICE/App/usbd_desc.c ****       pbuf[2 * idx] = (value >> 28) + 'A' - 10;
ARM GAS  C:\Users\Admin\AppData\Local\Temp\cc8nOyxf.s 			page 11


 153              		.loc 1 424 7 is_stmt 1 view .LVU28
 154              		.loc 1 424 43 is_stmt 0 view .LVU29
 155 000a 3734     		adds	r4, r4, #55
 156              		.loc 1 424 21 view .LVU30
 157 000c 01F81340 		strb	r4, [r1, r3, lsl #1]
 158              	.L13:
 425:USB_DEVICE/App/usbd_desc.c ****     }
 426:USB_DEVICE/App/usbd_desc.c **** 
 427:USB_DEVICE/App/usbd_desc.c ****     value = value << 4;
 159              		.loc 1 427 5 is_stmt 1 discriminator 2 view .LVU31
 160              		.loc 1 427 11 is_stmt 0 discriminator 2 view .LVU32
 161 0010 0001     		lsls	r0, r0, #4
 162              	.LVL8:
 428:USB_DEVICE/App/usbd_desc.c **** 
 429:USB_DEVICE/App/usbd_desc.c ****     pbuf[2 * idx + 1] = 0;
 163              		.loc 1 429 5 is_stmt 1 discriminator 2 view .LVU33
 164              		.loc 1 429 12 is_stmt 0 discriminator 2 view .LVU34
 165 0012 5C00     		lsls	r4, r3, #1
 166              		.loc 1 429 9 discriminator 2 view .LVU35
 167 0014 0134     		adds	r4, r4, #1
 168              		.loc 1 429 23 discriminator 2 view .LVU36
 169 0016 0025     		movs	r5, #0
 170 0018 0D55     		strb	r5, [r1, r4]
 416:USB_DEVICE/App/usbd_desc.c ****   {
 171              		.loc 1 416 28 is_stmt 1 discriminator 2 view .LVU37
 416:USB_DEVICE/App/usbd_desc.c ****   {
 172              		.loc 1 416 31 is_stmt 0 discriminator 2 view .LVU38
 173 001a 0133     		adds	r3, r3, #1
 174              	.LVL9:
 416:USB_DEVICE/App/usbd_desc.c ****   {
 175              		.loc 1 416 31 discriminator 2 view .LVU39
 176 001c DBB2     		uxtb	r3, r3
 177              	.LVL10:
 416:USB_DEVICE/App/usbd_desc.c ****   {
 178              		.loc 1 416 17 is_stmt 1 discriminator 2 view .LVU40
 416:USB_DEVICE/App/usbd_desc.c ****   {
 179              		.loc 1 416 3 is_stmt 0 discriminator 2 view .LVU41
 180 001e 9342     		cmp	r3, r2
 181 0020 07D2     		bcs	.L19
 182              	.L14:
 418:USB_DEVICE/App/usbd_desc.c ****     {
 183              		.loc 1 418 5 is_stmt 1 view .LVU42
 418:USB_DEVICE/App/usbd_desc.c ****     {
 184              		.loc 1 418 17 is_stmt 0 view .LVU43
 185 0022 040F     		lsrs	r4, r0, #28
 418:USB_DEVICE/App/usbd_desc.c ****     {
 186              		.loc 1 418 8 view .LVU44
 187 0024 B0F1204F 		cmp	r0, #-1610612736
 188 0028 EFD2     		bcs	.L12
 420:USB_DEVICE/App/usbd_desc.c ****     }
 189              		.loc 1 420 7 is_stmt 1 view .LVU45
 420:USB_DEVICE/App/usbd_desc.c ****     }
 190              		.loc 1 420 37 is_stmt 0 view .LVU46
 191 002a 3034     		adds	r4, r4, #48
 420:USB_DEVICE/App/usbd_desc.c ****     }
 192              		.loc 1 420 21 view .LVU47
 193 002c 01F81340 		strb	r4, [r1, r3, lsl #1]
ARM GAS  C:\Users\Admin\AppData\Local\Temp\cc8nOyxf.s 			page 12


 194 0030 EEE7     		b	.L13
 195              	.L19:
 430:USB_DEVICE/App/usbd_desc.c ****   }
 431:USB_DEVICE/App/usbd_desc.c **** }
 196              		.loc 1 431 1 view .LVU48
 197 0032 30BC     		pop	{r4, r5}
 198              	.LCFI1:
 199              		.cfi_restore 5
 200              		.cfi_restore 4
 201              		.cfi_def_cfa_offset 0
 202 0034 7047     		bx	lr
 203              	.L18:
 204              		.loc 1 431 1 view .LVU49
 205 0036 7047     		bx	lr
 206              		.cfi_endproc
 207              	.LFE145:
 209              		.section	.text.Get_SerialNum,"ax",%progbits
 210              		.align	1
 211              		.syntax unified
 212              		.thumb
 213              		.thumb_func
 214              		.fpu fpv4-sp-d16
 216              	Get_SerialNum:
 217              	.LFB144:
 389:USB_DEVICE/App/usbd_desc.c ****   uint32_t deviceserial0, deviceserial1, deviceserial2;
 218              		.loc 1 389 1 is_stmt 1 view -0
 219              		.cfi_startproc
 220              		@ args = 0, pretend = 0, frame = 0
 221              		@ frame_needed = 0, uses_anonymous_args = 0
 222 0000 38B5     		push	{r3, r4, r5, lr}
 223              	.LCFI2:
 224              		.cfi_def_cfa_offset 16
 225              		.cfi_offset 3, -16
 226              		.cfi_offset 4, -12
 227              		.cfi_offset 5, -8
 228              		.cfi_offset 14, -4
 390:USB_DEVICE/App/usbd_desc.c **** 
 229              		.loc 1 390 3 view .LVU51
 392:USB_DEVICE/App/usbd_desc.c ****   deviceserial1 = *(uint32_t *) DEVICE_ID2;
 230              		.loc 1 392 3 view .LVU52
 392:USB_DEVICE/App/usbd_desc.c ****   deviceserial1 = *(uint32_t *) DEVICE_ID2;
 231              		.loc 1 392 17 is_stmt 0 view .LVU53
 232 0002 0A4B     		ldr	r3, .L24
 233 0004 1868     		ldr	r0, [r3]
 234              	.LVL11:
 393:USB_DEVICE/App/usbd_desc.c ****   deviceserial2 = *(uint32_t *) DEVICE_ID3;
 235              		.loc 1 393 3 is_stmt 1 view .LVU54
 393:USB_DEVICE/App/usbd_desc.c ****   deviceserial2 = *(uint32_t *) DEVICE_ID3;
 236              		.loc 1 393 17 is_stmt 0 view .LVU55
 237 0006 0433     		adds	r3, r3, #4
 238 0008 1C68     		ldr	r4, [r3]
 239              	.LVL12:
 394:USB_DEVICE/App/usbd_desc.c **** 
 240              		.loc 1 394 3 is_stmt 1 view .LVU56
 394:USB_DEVICE/App/usbd_desc.c **** 
 241              		.loc 1 394 17 is_stmt 0 view .LVU57
 242 000a 0433     		adds	r3, r3, #4
ARM GAS  C:\Users\Admin\AppData\Local\Temp\cc8nOyxf.s 			page 13


 243 000c 1B68     		ldr	r3, [r3]
 244              	.LVL13:
 396:USB_DEVICE/App/usbd_desc.c **** 
 245              		.loc 1 396 3 is_stmt 1 view .LVU58
 398:USB_DEVICE/App/usbd_desc.c ****   {
 246              		.loc 1 398 3 view .LVU59
 398:USB_DEVICE/App/usbd_desc.c ****   {
 247              		.loc 1 398 6 is_stmt 0 view .LVU60
 248 000e C018     		adds	r0, r0, r3
 249              	.LVL14:
 398:USB_DEVICE/App/usbd_desc.c ****   {
 250              		.loc 1 398 6 view .LVU61
 251 0010 00D1     		bne	.L23
 252              	.LVL15:
 253              	.L20:
 403:USB_DEVICE/App/usbd_desc.c **** 
 254              		.loc 1 403 1 view .LVU62
 255 0012 38BD     		pop	{r3, r4, r5, pc}
 256              	.LVL16:
 257              	.L23:
 400:USB_DEVICE/App/usbd_desc.c ****     IntToUnicode(deviceserial1, &USBD_StringSerial[18], 4);
 258              		.loc 1 400 5 is_stmt 1 view .LVU63
 259 0014 064D     		ldr	r5, .L24+4
 260 0016 0822     		movs	r2, #8
 261 0018 A91C     		adds	r1, r5, #2
 262 001a FFF7FEFF 		bl	IntToUnicode
 263              	.LVL17:
 401:USB_DEVICE/App/usbd_desc.c ****   }
 264              		.loc 1 401 5 view .LVU64
 265 001e 0422     		movs	r2, #4
 266 0020 05F11201 		add	r1, r5, #18
 267 0024 2046     		mov	r0, r4
 268 0026 FFF7FEFF 		bl	IntToUnicode
 269              	.LVL18:
 403:USB_DEVICE/App/usbd_desc.c **** 
 270              		.loc 1 403 1 is_stmt 0 view .LVU65
 271 002a F2E7     		b	.L20
 272              	.L25:
 273              		.align	2
 274              	.L24:
 275 002c 9075FF1F 		.word	536835472
 276 0030 00000000 		.word	.LANCHOR3
 277              		.cfi_endproc
 278              	.LFE144:
 280              		.section	.text.USBD_FS_SerialStrDescriptor,"ax",%progbits
 281              		.align	1
 282              		.global	USBD_FS_SerialStrDescriptor
 283              		.syntax unified
 284              		.thumb
 285              		.thumb_func
 286              		.fpu fpv4-sp-d16
 288              	USBD_FS_SerialStrDescriptor:
 289              	.LVL19:
 290              	.LFB140:
 317:USB_DEVICE/App/usbd_desc.c ****   UNUSED(speed);
 291              		.loc 1 317 1 is_stmt 1 view -0
 292              		.cfi_startproc
ARM GAS  C:\Users\Admin\AppData\Local\Temp\cc8nOyxf.s 			page 14


 293              		@ args = 0, pretend = 0, frame = 0
 294              		@ frame_needed = 0, uses_anonymous_args = 0
 317:USB_DEVICE/App/usbd_desc.c ****   UNUSED(speed);
 295              		.loc 1 317 1 is_stmt 0 view .LVU67
 296 0000 08B5     		push	{r3, lr}
 297              	.LCFI3:
 298              		.cfi_def_cfa_offset 8
 299              		.cfi_offset 3, -8
 300              		.cfi_offset 14, -4
 318:USB_DEVICE/App/usbd_desc.c ****   *length = USB_SIZ_STRING_SERIAL;
 301              		.loc 1 318 3 is_stmt 1 view .LVU68
 319:USB_DEVICE/App/usbd_desc.c **** 
 302              		.loc 1 319 3 view .LVU69
 319:USB_DEVICE/App/usbd_desc.c **** 
 303              		.loc 1 319 11 is_stmt 0 view .LVU70
 304 0002 1A23     		movs	r3, #26
 305 0004 0B80     		strh	r3, [r1]	@ movhi
 323:USB_DEVICE/App/usbd_desc.c ****   /* USER CODE BEGIN USBD_FS_SerialStrDescriptor */
 306              		.loc 1 323 3 is_stmt 1 view .LVU71
 307 0006 FFF7FEFF 		bl	Get_SerialNum
 308              	.LVL20:
 327:USB_DEVICE/App/usbd_desc.c **** }
 309              		.loc 1 327 3 view .LVU72
 328:USB_DEVICE/App/usbd_desc.c **** 
 310              		.loc 1 328 1 is_stmt 0 view .LVU73
 311 000a 0148     		ldr	r0, .L28
 312 000c 08BD     		pop	{r3, pc}
 313              	.L29:
 314 000e 00BF     		.align	2
 315              	.L28:
 316 0010 00000000 		.word	.LANCHOR3
 317              		.cfi_endproc
 318              	.LFE140:
 320              		.section	.rodata.USBD_FS_ProductStrDescriptor.str1.4,"aMS",%progbits,1
 321              		.align	2
 322              	.LC0:
 323 0000 53544D33 		.ascii	"STM32 Mass Storage\000"
 323      32204D61 
 323      73732053 
 323      746F7261 
 323      676500
 324              		.section	.text.USBD_FS_ProductStrDescriptor,"ax",%progbits
 325              		.align	1
 326              		.global	USBD_FS_ProductStrDescriptor
 327              		.syntax unified
 328              		.thumb
 329              		.thumb_func
 330              		.fpu fpv4-sp-d16
 332              	USBD_FS_ProductStrDescriptor:
 333              	.LVL21:
 334              	.LFB138:
 285:USB_DEVICE/App/usbd_desc.c ****   if(speed == 0)
 335              		.loc 1 285 1 is_stmt 1 view -0
 336              		.cfi_startproc
 337              		@ args = 0, pretend = 0, frame = 0
 338              		@ frame_needed = 0, uses_anonymous_args = 0
 285:USB_DEVICE/App/usbd_desc.c ****   if(speed == 0)
ARM GAS  C:\Users\Admin\AppData\Local\Temp\cc8nOyxf.s 			page 15


 339              		.loc 1 285 1 is_stmt 0 view .LVU75
 340 0000 08B5     		push	{r3, lr}
 341              	.LCFI4:
 342              		.cfi_def_cfa_offset 8
 343              		.cfi_offset 3, -8
 344              		.cfi_offset 14, -4
 345 0002 0A46     		mov	r2, r1
 286:USB_DEVICE/App/usbd_desc.c ****   {
 346              		.loc 1 286 3 is_stmt 1 view .LVU76
 286:USB_DEVICE/App/usbd_desc.c ****   {
 347              		.loc 1 286 5 is_stmt 0 view .LVU77
 348 0004 28B9     		cbnz	r0, .L31
 288:USB_DEVICE/App/usbd_desc.c ****   }
 349              		.loc 1 288 5 is_stmt 1 view .LVU78
 350 0006 0549     		ldr	r1, .L34
 351              	.LVL22:
 288:USB_DEVICE/App/usbd_desc.c ****   }
 352              		.loc 1 288 5 is_stmt 0 view .LVU79
 353 0008 0548     		ldr	r0, .L34+4
 354              	.LVL23:
 288:USB_DEVICE/App/usbd_desc.c ****   }
 355              		.loc 1 288 5 view .LVU80
 356 000a FFF7FEFF 		bl	USBD_GetString
 357              	.LVL24:
 358              	.L32:
 294:USB_DEVICE/App/usbd_desc.c **** }
 359              		.loc 1 294 3 is_stmt 1 view .LVU81
 295:USB_DEVICE/App/usbd_desc.c **** 
 360              		.loc 1 295 1 is_stmt 0 view .LVU82
 361 000e 0348     		ldr	r0, .L34
 362 0010 08BD     		pop	{r3, pc}
 363              	.LVL25:
 364              	.L31:
 292:USB_DEVICE/App/usbd_desc.c ****   }
 365              		.loc 1 292 5 is_stmt 1 view .LVU83
 366 0012 0249     		ldr	r1, .L34
 367              	.LVL26:
 292:USB_DEVICE/App/usbd_desc.c ****   }
 368              		.loc 1 292 5 is_stmt 0 view .LVU84
 369 0014 0248     		ldr	r0, .L34+4
 370              	.LVL27:
 292:USB_DEVICE/App/usbd_desc.c ****   }
 371              		.loc 1 292 5 view .LVU85
 372 0016 FFF7FEFF 		bl	USBD_GetString
 373              	.LVL28:
 292:USB_DEVICE/App/usbd_desc.c ****   }
 374              		.loc 1 292 5 view .LVU86
 375 001a F8E7     		b	.L32
 376              	.L35:
 377              		.align	2
 378              	.L34:
 379 001c 00000000 		.word	USBD_StrDesc
 380 0020 00000000 		.word	.LC0
 381              		.cfi_endproc
 382              	.LFE138:
 384              		.section	.rodata.USBD_FS_ManufacturerStrDescriptor.str1.4,"aMS",%progbits,1
 385              		.align	2
ARM GAS  C:\Users\Admin\AppData\Local\Temp\cc8nOyxf.s 			page 16


 386              	.LC1:
 387 0000 53544D69 		.ascii	"STMicroelectronics\000"
 387      63726F65 
 387      6C656374 
 387      726F6E69 
 387      637300
 388              		.section	.text.USBD_FS_ManufacturerStrDescriptor,"ax",%progbits
 389              		.align	1
 390              		.global	USBD_FS_ManufacturerStrDescriptor
 391              		.syntax unified
 392              		.thumb
 393              		.thumb_func
 394              		.fpu fpv4-sp-d16
 396              	USBD_FS_ManufacturerStrDescriptor:
 397              	.LVL29:
 398              	.LFB139:
 304:USB_DEVICE/App/usbd_desc.c ****   UNUSED(speed);
 399              		.loc 1 304 1 is_stmt 1 view -0
 400              		.cfi_startproc
 401              		@ args = 0, pretend = 0, frame = 0
 402              		@ frame_needed = 0, uses_anonymous_args = 0
 304:USB_DEVICE/App/usbd_desc.c ****   UNUSED(speed);
 403              		.loc 1 304 1 is_stmt 0 view .LVU88
 404 0000 10B5     		push	{r4, lr}
 405              	.LCFI5:
 406              		.cfi_def_cfa_offset 8
 407              		.cfi_offset 4, -8
 408              		.cfi_offset 14, -4
 409 0002 0A46     		mov	r2, r1
 305:USB_DEVICE/App/usbd_desc.c ****   USBD_GetString((uint8_t *)USBD_MANUFACTURER_STRING, USBD_StrDesc, length);
 410              		.loc 1 305 3 is_stmt 1 view .LVU89
 306:USB_DEVICE/App/usbd_desc.c ****   return USBD_StrDesc;
 411              		.loc 1 306 3 view .LVU90
 412 0004 034C     		ldr	r4, .L38
 413 0006 2146     		mov	r1, r4
 414              	.LVL30:
 306:USB_DEVICE/App/usbd_desc.c ****   return USBD_StrDesc;
 415              		.loc 1 306 3 is_stmt 0 view .LVU91
 416 0008 0348     		ldr	r0, .L38+4
 417              	.LVL31:
 306:USB_DEVICE/App/usbd_desc.c ****   return USBD_StrDesc;
 418              		.loc 1 306 3 view .LVU92
 419 000a FFF7FEFF 		bl	USBD_GetString
 420              	.LVL32:
 307:USB_DEVICE/App/usbd_desc.c **** }
 421              		.loc 1 307 3 is_stmt 1 view .LVU93
 308:USB_DEVICE/App/usbd_desc.c **** 
 422              		.loc 1 308 1 is_stmt 0 view .LVU94
 423 000e 2046     		mov	r0, r4
 424 0010 10BD     		pop	{r4, pc}
 425              	.L39:
 426 0012 00BF     		.align	2
 427              	.L38:
 428 0014 00000000 		.word	USBD_StrDesc
 429 0018 00000000 		.word	.LC1
 430              		.cfi_endproc
 431              	.LFE139:
ARM GAS  C:\Users\Admin\AppData\Local\Temp\cc8nOyxf.s 			page 17


 433              		.section	.rodata.USBD_FS_ConfigStrDescriptor.str1.4,"aMS",%progbits,1
 434              		.align	2
 435              	.LC2:
 436 0000 4D534320 		.ascii	"MSC Config\000"
 436      436F6E66 
 436      696700
 437              		.section	.text.USBD_FS_ConfigStrDescriptor,"ax",%progbits
 438              		.align	1
 439              		.global	USBD_FS_ConfigStrDescriptor
 440              		.syntax unified
 441              		.thumb
 442              		.thumb_func
 443              		.fpu fpv4-sp-d16
 445              	USBD_FS_ConfigStrDescriptor:
 446              	.LVL33:
 447              	.LFB141:
 337:USB_DEVICE/App/usbd_desc.c ****   if(speed == USBD_SPEED_HIGH)
 448              		.loc 1 337 1 is_stmt 1 view -0
 449              		.cfi_startproc
 450              		@ args = 0, pretend = 0, frame = 0
 451              		@ frame_needed = 0, uses_anonymous_args = 0
 337:USB_DEVICE/App/usbd_desc.c ****   if(speed == USBD_SPEED_HIGH)
 452              		.loc 1 337 1 is_stmt 0 view .LVU96
 453 0000 08B5     		push	{r3, lr}
 454              	.LCFI6:
 455              		.cfi_def_cfa_offset 8
 456              		.cfi_offset 3, -8
 457              		.cfi_offset 14, -4
 458 0002 0A46     		mov	r2, r1
 338:USB_DEVICE/App/usbd_desc.c ****   {
 459              		.loc 1 338 3 is_stmt 1 view .LVU97
 338:USB_DEVICE/App/usbd_desc.c ****   {
 460              		.loc 1 338 5 is_stmt 0 view .LVU98
 461 0004 28B9     		cbnz	r0, .L41
 340:USB_DEVICE/App/usbd_desc.c ****   }
 462              		.loc 1 340 5 is_stmt 1 view .LVU99
 463 0006 0549     		ldr	r1, .L44
 464              	.LVL34:
 340:USB_DEVICE/App/usbd_desc.c ****   }
 465              		.loc 1 340 5 is_stmt 0 view .LVU100
 466 0008 0548     		ldr	r0, .L44+4
 467              	.LVL35:
 340:USB_DEVICE/App/usbd_desc.c ****   }
 468              		.loc 1 340 5 view .LVU101
 469 000a FFF7FEFF 		bl	USBD_GetString
 470              	.LVL36:
 471              	.L42:
 346:USB_DEVICE/App/usbd_desc.c **** }
 472              		.loc 1 346 3 is_stmt 1 view .LVU102
 347:USB_DEVICE/App/usbd_desc.c **** 
 473              		.loc 1 347 1 is_stmt 0 view .LVU103
 474 000e 0348     		ldr	r0, .L44
 475 0010 08BD     		pop	{r3, pc}
 476              	.LVL37:
 477              	.L41:
 344:USB_DEVICE/App/usbd_desc.c ****   }
 478              		.loc 1 344 5 is_stmt 1 view .LVU104
ARM GAS  C:\Users\Admin\AppData\Local\Temp\cc8nOyxf.s 			page 18


 479 0012 0249     		ldr	r1, .L44
 480              	.LVL38:
 344:USB_DEVICE/App/usbd_desc.c ****   }
 481              		.loc 1 344 5 is_stmt 0 view .LVU105
 482 0014 0248     		ldr	r0, .L44+4
 483              	.LVL39:
 344:USB_DEVICE/App/usbd_desc.c ****   }
 484              		.loc 1 344 5 view .LVU106
 485 0016 FFF7FEFF 		bl	USBD_GetString
 486              	.LVL40:
 344:USB_DEVICE/App/usbd_desc.c ****   }
 487              		.loc 1 344 5 view .LVU107
 488 001a F8E7     		b	.L42
 489              	.L45:
 490              		.align	2
 491              	.L44:
 492 001c 00000000 		.word	USBD_StrDesc
 493 0020 00000000 		.word	.LC2
 494              		.cfi_endproc
 495              	.LFE141:
 497              		.section	.rodata.USBD_FS_InterfaceStrDescriptor.str1.4,"aMS",%progbits,1
 498              		.align	2
 499              	.LC3:
 500 0000 4D534320 		.ascii	"MSC Interface\000"
 500      496E7465 
 500      72666163 
 500      6500
 501              		.section	.text.USBD_FS_InterfaceStrDescriptor,"ax",%progbits
 502              		.align	1
 503              		.global	USBD_FS_InterfaceStrDescriptor
 504              		.syntax unified
 505              		.thumb
 506              		.thumb_func
 507              		.fpu fpv4-sp-d16
 509              	USBD_FS_InterfaceStrDescriptor:
 510              	.LVL41:
 511              	.LFB142:
 356:USB_DEVICE/App/usbd_desc.c ****   if(speed == 0)
 512              		.loc 1 356 1 is_stmt 1 view -0
 513              		.cfi_startproc
 514              		@ args = 0, pretend = 0, frame = 0
 515              		@ frame_needed = 0, uses_anonymous_args = 0
 356:USB_DEVICE/App/usbd_desc.c ****   if(speed == 0)
 516              		.loc 1 356 1 is_stmt 0 view .LVU109
 517 0000 08B5     		push	{r3, lr}
 518              	.LCFI7:
 519              		.cfi_def_cfa_offset 8
 520              		.cfi_offset 3, -8
 521              		.cfi_offset 14, -4
 522 0002 0A46     		mov	r2, r1
 357:USB_DEVICE/App/usbd_desc.c ****   {
 523              		.loc 1 357 3 is_stmt 1 view .LVU110
 357:USB_DEVICE/App/usbd_desc.c ****   {
 524              		.loc 1 357 5 is_stmt 0 view .LVU111
 525 0004 28B9     		cbnz	r0, .L47
 359:USB_DEVICE/App/usbd_desc.c ****   }
 526              		.loc 1 359 5 is_stmt 1 view .LVU112
ARM GAS  C:\Users\Admin\AppData\Local\Temp\cc8nOyxf.s 			page 19


 527 0006 0549     		ldr	r1, .L50
 528              	.LVL42:
 359:USB_DEVICE/App/usbd_desc.c ****   }
 529              		.loc 1 359 5 is_stmt 0 view .LVU113
 530 0008 0548     		ldr	r0, .L50+4
 531              	.LVL43:
 359:USB_DEVICE/App/usbd_desc.c ****   }
 532              		.loc 1 359 5 view .LVU114
 533 000a FFF7FEFF 		bl	USBD_GetString
 534              	.LVL44:
 535              	.L48:
 365:USB_DEVICE/App/usbd_desc.c **** }
 536              		.loc 1 365 3 is_stmt 1 view .LVU115
 366:USB_DEVICE/App/usbd_desc.c **** 
 537              		.loc 1 366 1 is_stmt 0 view .LVU116
 538 000e 0348     		ldr	r0, .L50
 539 0010 08BD     		pop	{r3, pc}
 540              	.LVL45:
 541              	.L47:
 363:USB_DEVICE/App/usbd_desc.c ****   }
 542              		.loc 1 363 5 is_stmt 1 view .LVU117
 543 0012 0249     		ldr	r1, .L50
 544              	.LVL46:
 363:USB_DEVICE/App/usbd_desc.c ****   }
 545              		.loc 1 363 5 is_stmt 0 view .LVU118
 546 0014 0248     		ldr	r0, .L50+4
 547              	.LVL47:
 363:USB_DEVICE/App/usbd_desc.c ****   }
 548              		.loc 1 363 5 view .LVU119
 549 0016 FFF7FEFF 		bl	USBD_GetString
 550              	.LVL48:
 363:USB_DEVICE/App/usbd_desc.c ****   }
 551              		.loc 1 363 5 view .LVU120
 552 001a F8E7     		b	.L48
 553              	.L51:
 554              		.align	2
 555              	.L50:
 556 001c 00000000 		.word	USBD_StrDesc
 557 0020 00000000 		.word	.LC3
 558              		.cfi_endproc
 559              	.LFE142:
 561              		.global	USBD_StringSerial
 562              		.comm	USBD_StrDesc,512,4
 563              		.global	USBD_LangIDDesc
 564              		.global	USBD_FS_BOSDesc
 565              		.global	USBD_FS_DeviceDesc
 566              		.global	FS_Desc
 567              		.section	.data.FS_Desc,"aw"
 568              		.align	2
 571              	FS_Desc:
 572 0000 00000000 		.word	USBD_FS_DeviceDescriptor
 573 0004 00000000 		.word	USBD_FS_LangIDStrDescriptor
 574 0008 00000000 		.word	USBD_FS_ManufacturerStrDescriptor
 575 000c 00000000 		.word	USBD_FS_ProductStrDescriptor
 576 0010 00000000 		.word	USBD_FS_SerialStrDescriptor
 577 0014 00000000 		.word	USBD_FS_ConfigStrDescriptor
 578 0018 00000000 		.word	USBD_FS_InterfaceStrDescriptor
ARM GAS  C:\Users\Admin\AppData\Local\Temp\cc8nOyxf.s 			page 20


 579 001c 00000000 		.word	USBD_FS_USR_BOSDescriptor
 580              		.section	.data.USBD_FS_BOSDesc,"aw"
 581              		.align	2
 582              		.set	.LANCHOR2,. + 0
 585              	USBD_FS_BOSDesc:
 586 0000 050F0C00 		.ascii	"\005\017\014\000\001\007\020\002\002\000\000\000"
 586      01071002 
 586      02000000 
 587              		.section	.data.USBD_FS_DeviceDesc,"aw"
 588              		.align	2
 589              		.set	.LANCHOR0,. + 0
 592              	USBD_FS_DeviceDesc:
 593 0000 12010102 		.ascii	"\022\001\001\002\000\000\000@\203\004*W\000\002\001"
 593      00000040 
 593      83042A57 
 593      000201
 594 000f 020301   		.ascii	"\002\003\001"
 595              		.section	.data.USBD_LangIDDesc,"aw"
 596              		.align	2
 597              		.set	.LANCHOR1,. + 0
 600              	USBD_LangIDDesc:
 601 0000 04030904 		.ascii	"\004\003\011\004"
 602              		.section	.data.USBD_StringSerial,"aw"
 603              		.align	2
 604              		.set	.LANCHOR3,. + 0
 607              	USBD_StringSerial:
 608 0000 1A0300   		.ascii	"\032\003\000"
 609 0003 00000000 		.space	23
 609      00000000 
 609      00000000 
 609      00000000 
 609      00000000 
 610              		.text
 611              	.Letext0:
 612              		.file 2 "c:\\ncs\\v1.7.1\\toolchain\\opt\\arm-none-eabi\\include\\machine\\_default_types.h"
 613              		.file 3 "c:\\ncs\\v1.7.1\\toolchain\\opt\\arm-none-eabi\\include\\sys\\lock.h"
 614              		.file 4 "c:\\ncs\\v1.7.1\\toolchain\\opt\\arm-none-eabi\\include\\sys\\_types.h"
 615              		.file 5 "c:\\ncs\\v1.7.1\\toolchain\\opt\\lib\\gcc\\arm-none-eabi\\9.2.1\\include\\stddef.h"
 616              		.file 6 "c:\\ncs\\v1.7.1\\toolchain\\opt\\arm-none-eabi\\include\\sys\\reent.h"
 617              		.file 7 "c:\\ncs\\v1.7.1\\toolchain\\opt\\arm-none-eabi\\include\\sys\\_stdint.h"
 618              		.file 8 "c:\\ncs\\v1.7.1\\toolchain\\opt\\arm-none-eabi\\include\\stdlib.h"
 619              		.file 9 "Drivers/CMSIS/Include/core_cm4.h"
 620              		.file 10 "Drivers/CMSIS/Device/ST/STM32L4xx/Include/system_stm32l4xx.h"
 621              		.file 11 "Drivers/STM32L4xx_HAL_Driver/Inc/stm32l4xx_hal_def.h"
 622              		.file 12 "Drivers/STM32L4xx_HAL_Driver/Inc/stm32l4xx_hal_flash.h"
 623              		.file 13 "Drivers/STM32L4xx_HAL_Driver/Inc/stm32l4xx_hal.h"
 624              		.file 14 "Middlewares/ST/STM32_USB_Device_Library/Core/Inc/usbd_def.h"
 625              		.file 15 "USB_DEVICE/App/usbd_desc.h"
 626              		.file 16 "Middlewares/ST/STM32_USB_Device_Library/Core/Inc/usbd_ctlreq.h"
ARM GAS  C:\Users\Admin\AppData\Local\Temp\cc8nOyxf.s 			page 21


DEFINED SYMBOLS
                            *ABS*:00000000 usbd_desc.c
C:\Users\Admin\AppData\Local\Temp\cc8nOyxf.s:18     .text.USBD_FS_DeviceDescriptor:00000000 $t
C:\Users\Admin\AppData\Local\Temp\cc8nOyxf.s:26     .text.USBD_FS_DeviceDescriptor:00000000 USBD_FS_DeviceDescriptor
C:\Users\Admin\AppData\Local\Temp\cc8nOyxf.s:49     .text.USBD_FS_DeviceDescriptor:00000008 $d
C:\Users\Admin\AppData\Local\Temp\cc8nOyxf.s:54     .text.USBD_FS_LangIDStrDescriptor:00000000 $t
C:\Users\Admin\AppData\Local\Temp\cc8nOyxf.s:61     .text.USBD_FS_LangIDStrDescriptor:00000000 USBD_FS_LangIDStrDescriptor
C:\Users\Admin\AppData\Local\Temp\cc8nOyxf.s:83     .text.USBD_FS_LangIDStrDescriptor:00000008 $d
C:\Users\Admin\AppData\Local\Temp\cc8nOyxf.s:88     .text.USBD_FS_USR_BOSDescriptor:00000000 $t
C:\Users\Admin\AppData\Local\Temp\cc8nOyxf.s:95     .text.USBD_FS_USR_BOSDescriptor:00000000 USBD_FS_USR_BOSDescriptor
C:\Users\Admin\AppData\Local\Temp\cc8nOyxf.s:117    .text.USBD_FS_USR_BOSDescriptor:00000008 $d
C:\Users\Admin\AppData\Local\Temp\cc8nOyxf.s:122    .text.IntToUnicode:00000000 $t
C:\Users\Admin\AppData\Local\Temp\cc8nOyxf.s:128    .text.IntToUnicode:00000000 IntToUnicode
C:\Users\Admin\AppData\Local\Temp\cc8nOyxf.s:210    .text.Get_SerialNum:00000000 $t
C:\Users\Admin\AppData\Local\Temp\cc8nOyxf.s:216    .text.Get_SerialNum:00000000 Get_SerialNum
C:\Users\Admin\AppData\Local\Temp\cc8nOyxf.s:275    .text.Get_SerialNum:0000002c $d
C:\Users\Admin\AppData\Local\Temp\cc8nOyxf.s:281    .text.USBD_FS_SerialStrDescriptor:00000000 $t
C:\Users\Admin\AppData\Local\Temp\cc8nOyxf.s:288    .text.USBD_FS_SerialStrDescriptor:00000000 USBD_FS_SerialStrDescriptor
C:\Users\Admin\AppData\Local\Temp\cc8nOyxf.s:316    .text.USBD_FS_SerialStrDescriptor:00000010 $d
C:\Users\Admin\AppData\Local\Temp\cc8nOyxf.s:321    .rodata.USBD_FS_ProductStrDescriptor.str1.4:00000000 $d
C:\Users\Admin\AppData\Local\Temp\cc8nOyxf.s:325    .text.USBD_FS_ProductStrDescriptor:00000000 $t
C:\Users\Admin\AppData\Local\Temp\cc8nOyxf.s:332    .text.USBD_FS_ProductStrDescriptor:00000000 USBD_FS_ProductStrDescriptor
C:\Users\Admin\AppData\Local\Temp\cc8nOyxf.s:379    .text.USBD_FS_ProductStrDescriptor:0000001c $d
                            *COM*:00000200 USBD_StrDesc
C:\Users\Admin\AppData\Local\Temp\cc8nOyxf.s:385    .rodata.USBD_FS_ManufacturerStrDescriptor.str1.4:00000000 $d
C:\Users\Admin\AppData\Local\Temp\cc8nOyxf.s:389    .text.USBD_FS_ManufacturerStrDescriptor:00000000 $t
C:\Users\Admin\AppData\Local\Temp\cc8nOyxf.s:396    .text.USBD_FS_ManufacturerStrDescriptor:00000000 USBD_FS_ManufacturerStrDescriptor
C:\Users\Admin\AppData\Local\Temp\cc8nOyxf.s:428    .text.USBD_FS_ManufacturerStrDescriptor:00000014 $d
C:\Users\Admin\AppData\Local\Temp\cc8nOyxf.s:434    .rodata.USBD_FS_ConfigStrDescriptor.str1.4:00000000 $d
C:\Users\Admin\AppData\Local\Temp\cc8nOyxf.s:438    .text.USBD_FS_ConfigStrDescriptor:00000000 $t
C:\Users\Admin\AppData\Local\Temp\cc8nOyxf.s:445    .text.USBD_FS_ConfigStrDescriptor:00000000 USBD_FS_ConfigStrDescriptor
C:\Users\Admin\AppData\Local\Temp\cc8nOyxf.s:492    .text.USBD_FS_ConfigStrDescriptor:0000001c $d
C:\Users\Admin\AppData\Local\Temp\cc8nOyxf.s:498    .rodata.USBD_FS_InterfaceStrDescriptor.str1.4:00000000 $d
C:\Users\Admin\AppData\Local\Temp\cc8nOyxf.s:502    .text.USBD_FS_InterfaceStrDescriptor:00000000 $t
C:\Users\Admin\AppData\Local\Temp\cc8nOyxf.s:509    .text.USBD_FS_InterfaceStrDescriptor:00000000 USBD_FS_InterfaceStrDescriptor
C:\Users\Admin\AppData\Local\Temp\cc8nOyxf.s:556    .text.USBD_FS_InterfaceStrDescriptor:0000001c $d
C:\Users\Admin\AppData\Local\Temp\cc8nOyxf.s:607    .data.USBD_StringSerial:00000000 USBD_StringSerial
C:\Users\Admin\AppData\Local\Temp\cc8nOyxf.s:600    .data.USBD_LangIDDesc:00000000 USBD_LangIDDesc
C:\Users\Admin\AppData\Local\Temp\cc8nOyxf.s:585    .data.USBD_FS_BOSDesc:00000000 USBD_FS_BOSDesc
C:\Users\Admin\AppData\Local\Temp\cc8nOyxf.s:592    .data.USBD_FS_DeviceDesc:00000000 USBD_FS_DeviceDesc
C:\Users\Admin\AppData\Local\Temp\cc8nOyxf.s:571    .data.FS_Desc:00000000 FS_Desc
C:\Users\Admin\AppData\Local\Temp\cc8nOyxf.s:568    .data.FS_Desc:00000000 $d
C:\Users\Admin\AppData\Local\Temp\cc8nOyxf.s:581    .data.USBD_FS_BOSDesc:00000000 $d
C:\Users\Admin\AppData\Local\Temp\cc8nOyxf.s:588    .data.USBD_FS_DeviceDesc:00000000 $d
C:\Users\Admin\AppData\Local\Temp\cc8nOyxf.s:596    .data.USBD_LangIDDesc:00000000 $d
C:\Users\Admin\AppData\Local\Temp\cc8nOyxf.s:603    .data.USBD_StringSerial:00000000 $d

UNDEFINED SYMBOLS
USBD_GetString
